|--- feature_9 <= 3.50
|   |--- feature_9 <= 0.50
|   |   |--- feature_7 <= 6.50
|   |   |   |--- feature_5 <= 74.50
|   |   |   |   |--- feature_7 <= 4.50
|   |   |   |   |   |--- feature_8 <= 1.50
|   |   |   |   |   |   |--- feature_5 <= 61.50
|   |   |   |   |   |   |   |--- class: 0
|   |   |   |   |   |   |--- feature_5 >  61.50
|   |   |   |   |   |   |   |--- feature_4 <= 62.50
|   |   |   |   |   |   |   |   |--- feature_0 <= 9.50
|   |   |   |   |   |   |   |   |   |--- class: 1
|   |   |   |   |   |   |   |   |--- feature_0 >  9.50
|   |   |   |   |   |   |   |   |   |--- class: 0
|   |   |   |   |   |   |   |--- feature_4 >  62.50
|   |   |   |   |   |   |   |   |--- class: 0
|   |   |   |   |   |--- feature_8 >  1.50
|   |   |   |   |   |   |--- class: 0
|   |   |   |   |--- feature_7 >  4.50
|   |   |   |   |   |--- feature_8 <= 15.00
|   |   |   |   |   |   |--- class: 0
|   |   |   |   |   |--- feature_8 >  15.00
|   |   |   |   |   |   |--- feature_5 <= 56.00
|   |   |   |   |   |   |   |--- class: 0
|   |   |   |   |   |   |--- feature_5 >  56.00
|   |   |   |   |   |   |   |--- class: 1
|   |   |   |--- feature_5 >  74.50
|   |   |   |   |--- feature_0 <= 1.00
|   |   |   |   |   |--- feature_8 <= 9.50
|   |   |   |   |   |   |--- class: 1
|   |   |   |   |   |--- feature_8 >  9.50
|   |   |   |   |   |   |--- class: 0
|   |   |   |   |--- feature_0 >  1.00
|   |   |   |   |   |--- feature_1 <= 4488.50
|   |   |   |   |   |   |--- class: 0
|   |   |   |   |   |--- feature_1 >  4488.50
|   |   |   |   |   |   |--- feature_2 <= 0.50
|   |   |   |   |   |   |   |--- class: 0
|   |   |   |   |   |   |--- feature_2 >  0.50
|   |   |   |   |   |   |   |--- class: 1
|   |   |--- feature_7 >  6.50
|   |   |   |--- feature_10 <= 5855.00
|   |   |   |   |--- feature_1 <= 3465.50
|   |   |   |   |   |--- class: 0
|   |   |   |   |--- feature_1 >  3465.50
|   |   |   |   |   |--- class: 1
|   |   |   |--- feature_10 >  5855.00
|   |   |   |   |--- class: 0
|   |--- feature_9 >  0.50
|   |   |--- feature_0 <= 16.50
|   |   |   |--- feature_0 <= 4.50
|   |   |   |   |--- feature_8 <= 9.50
|   |   |   |   |   |--- feature_1 <= 5073.00
|   |   |   |   |   |   |--- feature_0 <= 3.50
|   |   |   |   |   |   |   |--- feature_9 <= 1.50
|   |   |   |   |   |   |   |   |--- feature_4 <= 20.50
|   |   |   |   |   |   |   |   |   |--- feature_10 <= 7787.00
|   |   |   |   |   |   |   |   |   |   |--- class: 0
|   |   |   |   |   |   |   |   |   |--- feature_10 >  7787.00
|   |   |   |   |   |   |   |   |   |   |--- feature_1 <= 317.50
|   |   |   |   |   |   |   |   |   |   |   |--- class: 0
|   |   |   |   |   |   |   |   |   |   |--- feature_1 >  317.50
|   |   |   |   |   |   |   |   |   |   |   |--- class: 1
|   |   |   |   |   |   |   |   |--- feature_4 >  20.50
|   |   |   |   |   |   |   |   |   |--- feature_8 <= 2.50
|   |   |   |   |   |   |   |   |   |   |--- feature_4 <= 67.50
|   |   |   |   |   |   |   |   |   |   |   |--- truncated branch of depth 6
|   |   |   |   |   |   |   |   |   |   |--- feature_4 >  67.50
|   |   |   |   |   |   |   |   |   |   |   |--- class: 1
|   |   |   |   |   |   |   |   |   |--- feature_8 >  2.50
|   |   |   |   |   |   |   |   |   |   |--- feature_4 <= 27.50
|   |   |   |   |   |   |   |   |   |   |   |--- truncated branch of depth 4
|   |   |   |   |   |   |   |   |   |   |--- feature_4 >  27.50
|   |   |   |   |   |   |   |   |   |   |   |--- truncated branch of depth 4
|   |   |   |   |   |   |   |--- feature_9 >  1.50
|   |   |   |   |   |   |   |   |--- feature_1 <= 788.50
|   |   |   |   |   |   |   |   |   |--- class: 1
|   |   |   |   |   |   |   |   |--- feature_1 >  788.50
|   |   |   |   |   |   |   |   |   |--- feature_1 <= 1777.50
|   |   |   |   |   |   |   |   |   |   |--- class: 0
|   |   |   |   |   |   |   |   |   |--- feature_1 >  1777.50
|   |   |   |   |   |   |   |   |   |   |--- feature_1 <= 3304.50
|   |   |   |   |   |   |   |   |   |   |   |--- truncated branch of depth 2
|   |   |   |   |   |   |   |   |   |   |--- feature_1 >  3304.50
|   |   |   |   |   |   |   |   |   |   |   |--- class: 0
|   |   |   |   |   |   |--- feature_0 >  3.50
|   |   |   |   |   |   |   |--- feature_5 <= 19.50
|   |   |   |   |   |   |   |   |--- feature_8 <= 3.50
|   |   |   |   |   |   |   |   |   |--- class: 1
|   |   |   |   |   |   |   |   |--- feature_8 >  3.50
|   |   |   |   |   |   |   |   |   |--- feature_7 <= 1.50
|   |   |   |   |   |   |   |   |   |   |--- class: 0
|   |   |   |   |   |   |   |   |   |--- feature_7 >  1.50
|   |   |   |   |   |   |   |   |   |   |--- class: 1
|   |   |   |   |   |   |   |--- feature_5 >  19.50
|   |   |   |   |   |   |   |   |--- feature_7 <= 4.50
|   |   |   |   |   |   |   |   |   |--- feature_1 <= 2381.00
|   |   |   |   |   |   |   |   |   |   |--- class: 0
|   |   |   |   |   |   |   |   |   |--- feature_1 >  2381.00
|   |   |   |   |   |   |   |   |   |   |--- feature_1 <= 2480.50
|   |   |   |   |   |   |   |   |   |   |   |--- truncated branch of depth 2
|   |   |   |   |   |   |   |   |   |   |--- feature_1 >  2480.50
|   |   |   |   |   |   |   |   |   |   |   |--- class: 0
|   |   |   |   |   |   |   |   |--- feature_7 >  4.50
|   |   |   |   |   |   |   |   |   |--- feature_8 <= 4.50
|   |   |   |   |   |   |   |   |   |   |--- class: 0
|   |   |   |   |   |   |   |   |   |--- feature_8 >  4.50
|   |   |   |   |   |   |   |   |   |   |--- feature_5 <= 21.50
|   |   |   |   |   |   |   |   |   |   |   |--- class: 0
|   |   |   |   |   |   |   |   |   |   |--- feature_5 >  21.50
|   |   |   |   |   |   |   |   |   |   |   |--- class: 1
|   |   |   |   |   |--- feature_1 >  5073.00
|   |   |   |   |   |   |--- class: 1
|   |   |   |   |--- feature_8 >  9.50
|   |   |   |   |   |--- feature_4 <= 40.50
|   |   |   |   |   |   |--- feature_3 <= 0.50
|   |   |   |   |   |   |   |--- class: 1
|   |   |   |   |   |   |--- feature_3 >  0.50
|   |   |   |   |   |   |   |--- class: 0
|   |   |   |   |   |--- feature_4 >  40.50
|   |   |   |   |   |   |--- feature_10 <= 17650.00
|   |   |   |   |   |   |   |--- feature_1 <= 110.50
|   |   |   |   |   |   |   |   |--- class: 1
|   |   |   |   |   |   |   |--- feature_1 >  110.50
|   |   |   |   |   |   |   |   |--- class: 0
|   |   |   |   |   |   |--- feature_10 >  17650.00
|   |   |   |   |   |   |   |--- feature_7 <= 2.50
|   |   |   |   |   |   |   |   |--- feature_10 <= 18540.00
|   |   |   |   |   |   |   |   |   |--- class: 1
|   |   |   |   |   |   |   |   |--- feature_10 >  18540.00
|   |   |   |   |   |   |   |   |   |--- feature_10 <= 28955.80
|   |   |   |   |   |   |   |   |   |   |--- class: 0
|   |   |   |   |   |   |   |   |   |--- feature_10 >  28955.80
|   |   |   |   |   |   |   |   |   |   |--- class: 1
|   |   |   |   |   |   |   |--- feature_7 >  2.50
|   |   |   |   |   |   |   |   |--- class: 1
|   |   |   |--- feature_0 >  4.50
|   |   |   |   |--- feature_1 <= 1443.50
|   |   |   |   |   |--- feature_0 <= 14.50
|   |   |   |   |   |   |--- feature_8 <= 13.50
|   |   |   |   |   |   |   |--- feature_1 <= 17.00
|   |   |   |   |   |   |   |   |--- feature_2 <= 0.50
|   |   |   |   |   |   |   |   |   |--- class: 1
|   |   |   |   |   |   |   |   |--- feature_2 >  0.50
|   |   |   |   |   |   |   |   |   |--- class: 0
|   |   |   |   |   |   |   |--- feature_1 >  17.00
|   |   |   |   |   |   |   |   |--- feature_5 <= 16.50
|   |   |   |   |   |   |   |   |   |--- class: 1
|   |   |   |   |   |   |   |   |--- feature_5 >  16.50
|   |   |   |   |   |   |   |   |   |--- feature_5 <= 70.50
|   |   |   |   |   |   |   |   |   |   |--- feature_5 <= 63.50
|   |   |   |   |   |   |   |   |   |   |   |--- truncated branch of depth 15
|   |   |   |   |   |   |   |   |   |   |--- feature_5 >  63.50
|   |   |   |   |   |   |   |   |   |   |   |--- truncated branch of depth 8
|   |   |   |   |   |   |   |   |   |--- feature_5 >  70.50
|   |   |   |   |   |   |   |   |   |   |--- class: 0
|   |   |   |   |   |   |--- feature_8 >  13.50
|   |   |   |   |   |   |   |--- feature_1 <= 248.50
|   |   |   |   |   |   |   |   |--- class: 0
|   |   |   |   |   |   |   |--- feature_1 >  248.50
|   |   |   |   |   |   |   |   |--- feature_1 <= 628.00
|   |   |   |   |   |   |   |   |   |--- feature_4 <= 48.50
|   |   |   |   |   |   |   |   |   |   |--- class: 0
|   |   |   |   |   |   |   |   |   |--- feature_4 >  48.50
|   |   |   |   |   |   |   |   |   |   |--- feature_1 <= 464.50
|   |   |   |   |   |   |   |   |   |   |   |--- truncated branch of depth 3
|   |   |   |   |   |   |   |   |   |   |--- feature_1 >  464.50
|   |   |   |   |   |   |   |   |   |   |   |--- class: 1
|   |   |   |   |   |   |   |   |--- feature_1 >  628.00
|   |   |   |   |   |   |   |   |   |--- feature_7 <= 1.50
|   |   |   |   |   |   |   |   |   |   |--- feature_4 <= 47.50
|   |   |   |   |   |   |   |   |   |   |   |--- truncated branch of depth 2
|   |   |   |   |   |   |   |   |   |   |--- feature_4 >  47.50
|   |   |   |   |   |   |   |   |   |   |   |--- truncated branch of depth 6
|   |   |   |   |   |   |   |   |   |--- feature_7 >  1.50
|   |   |   |   |   |   |   |   |   |   |--- class: 0
|   |   |   |   |   |--- feature_0 >  14.50
|   |   |   |   |   |   |--- feature_8 <= 2.50
|   |   |   |   |   |   |   |--- class: 0
|   |   |   |   |   |   |--- feature_8 >  2.50
|   |   |   |   |   |   |   |--- feature_5 <= 24.00
|   |   |   |   |   |   |   |   |--- feature_1 <= 521.50
|   |   |   |   |   |   |   |   |   |--- class: 1
|   |   |   |   |   |   |   |   |--- feature_1 >  521.50
|   |   |   |   |   |   |   |   |   |--- class: 0
|   |   |   |   |   |   |   |--- feature_5 >  24.00
|   |   |   |   |   |   |   |   |--- feature_1 <= 55.50
|   |   |   |   |   |   |   |   |   |--- class: 0
|   |   |   |   |   |   |   |   |--- feature_1 >  55.50
|   |   |   |   |   |   |   |   |   |--- class: 1
|   |   |   |   |--- feature_1 >  1443.50
|   |   |   |   |   |--- feature_5 <= 20.50
|   |   |   |   |   |   |--- feature_0 <= 10.50
|   |   |   |   |   |   |   |--- feature_10 <= 7482.00
|   |   |   |   |   |   |   |   |--- feature_4 <= 19.50
|   |   |   |   |   |   |   |   |   |--- class: 1
|   |   |   |   |   |   |   |   |--- feature_4 >  19.50
|   |   |   |   |   |   |   |   |   |--- class: 0
|   |   |   |   |   |   |   |--- feature_10 >  7482.00
|   |   |   |   |   |   |   |   |--- feature_1 <= 1938.00
|   |   |   |   |   |   |   |   |   |--- feature_2 <= 0.50
|   |   |   |   |   |   |   |   |   |   |--- class: 0
|   |   |   |   |   |   |   |   |   |--- feature_2 >  0.50
|   |   |   |   |   |   |   |   |   |   |--- class: 1
|   |   |   |   |   |   |   |   |--- feature_1 >  1938.00
|   |   |   |   |   |   |   |   |   |--- class: 1
|   |   |   |   |   |   |--- feature_0 >  10.50
|   |   |   |   |   |   |   |--- feature_10 <= 27552.00
|   |   |   |   |   |   |   |   |--- feature_1 <= 2258.00
|   |   |   |   |   |   |   |   |   |--- feature_4 <= 21.00
|   |   |   |   |   |   |   |   |   |   |--- class: 1
|   |   |   |   |   |   |   |   |   |--- feature_4 >  21.00
|   |   |   |   |   |   |   |   |   |   |--- class: 0
|   |   |   |   |   |   |   |   |--- feature_1 >  2258.00
|   |   |   |   |   |   |   |   |   |--- class: 0
|   |   |   |   |   |   |   |--- feature_10 >  27552.00
|   |   |   |   |   |   |   |   |--- class: 1
|   |   |   |   |   |--- feature_5 >  20.50
|   |   |   |   |   |   |--- feature_0 <= 10.50
|   |   |   |   |   |   |   |--- feature_0 <= 9.50
|   |   |   |   |   |   |   |   |--- feature_1 <= 2409.00
|   |   |   |   |   |   |   |   |   |--- feature_8 <= 1.50
|   |   |   |   |   |   |   |   |   |   |--- class: 0
|   |   |   |   |   |   |   |   |   |--- feature_8 >  1.50
|   |   |   |   |   |   |   |   |   |   |--- feature_10 <= 16633.00
|   |   |   |   |   |   |   |   |   |   |   |--- truncated branch of depth 6
|   |   |   |   |   |   |   |   |   |   |--- feature_10 >  16633.00
|   |   |   |   |   |   |   |   |   |   |   |--- class: 0
|   |   |   |   |   |   |   |   |--- feature_1 >  2409.00
|   |   |   |   |   |   |   |   |   |--- feature_10 <= 5012.00
|   |   |   |   |   |   |   |   |   |   |--- feature_10 <= 4656.00
|   |   |   |   |   |   |   |   |   |   |   |--- class: 0
|   |   |   |   |   |   |   |   |   |   |--- feature_10 >  4656.00
|   |   |   |   |   |   |   |   |   |   |   |--- class: 1
|   |   |   |   |   |   |   |   |   |--- feature_10 >  5012.00
|   |   |   |   |   |   |   |   |   |   |--- feature_7 <= 4.50
|   |   |   |   |   |   |   |   |   |   |   |--- class: 0
|   |   |   |   |   |   |   |   |   |   |--- feature_7 >  4.50
|   |   |   |   |   |   |   |   |   |   |   |--- truncated branch of depth 2
|   |   |   |   |   |   |   |--- feature_0 >  9.50
|   |   |   |   |   |   |   |   |--- feature_1 <= 4082.00
|   |   |   |   |   |   |   |   |   |--- class: 0
|   |   |   |   |   |   |   |   |--- feature_1 >  4082.00
|   |   |   |   |   |   |   |   |   |--- feature_1 <= 4106.50
|   |   |   |   |   |   |   |   |   |   |--- class: 1
|   |   |   |   |   |   |   |   |   |--- feature_1 >  4106.50
|   |   |   |   |   |   |   |   |   |   |--- class: 0
|   |   |   |   |   |   |--- feature_0 >  10.50
|   |   |   |   |   |   |   |--- feature_10 <= 16620.00
|   |   |   |   |   |   |   |   |--- feature_10 <= 16337.00
|   |   |   |   |   |   |   |   |   |--- feature_5 <= 27.50
|   |   |   |   |   |   |   |   |   |   |--- feature_1 <= 2709.00
|   |   |   |   |   |   |   |   |   |   |   |--- truncated branch of depth 5
|   |   |   |   |   |   |   |   |   |   |--- feature_1 >  2709.00
|   |   |   |   |   |   |   |   |   |   |   |--- truncated branch of depth 6
|   |   |   |   |   |   |   |   |   |--- feature_5 >  27.50
|   |   |   |   |   |   |   |   |   |   |--- feature_10 <= 9060.00
|   |   |   |   |   |   |   |   |   |   |   |--- truncated branch of depth 6
|   |   |   |   |   |   |   |   |   |   |--- feature_10 >  9060.00
|   |   |   |   |   |   |   |   |   |   |   |--- truncated branch of depth 15
|   |   |   |   |   |   |   |   |--- feature_10 >  16337.00
|   |   |   |   |   |   |   |   |   |--- feature_5 <= 41.50
|   |   |   |   |   |   |   |   |   |   |--- class: 0
|   |   |   |   |   |   |   |   |   |--- feature_5 >  41.50
|   |   |   |   |   |   |   |   |   |   |--- class: 1
|   |   |   |   |   |   |   |--- feature_10 >  16620.00
|   |   |   |   |   |   |   |   |--- feature_8 <= 4.50
|   |   |   |   |   |   |   |   |   |--- feature_1 <= 1670.50
|   |   |   |   |   |   |   |   |   |   |--- feature_8 <= 2.00
|   |   |   |   |   |   |   |   |   |   |   |--- class: 0
|   |   |   |   |   |   |   |   |   |   |--- feature_8 >  2.00
|   |   |   |   |   |   |   |   |   |   |   |--- class: 1
|   |   |   |   |   |   |   |   |   |--- feature_1 >  1670.50
|   |   |   |   |   |   |   |   |   |   |--- class: 0
|   |   |   |   |   |   |   |   |--- feature_8 >  4.50
|   |   |   |   |   |   |   |   |   |--- feature_5 <= 24.50
|   |   |   |   |   |   |   |   |   |   |--- class: 1
|   |   |   |   |   |   |   |   |   |--- feature_5 >  24.50
|   |   |   |   |   |   |   |   |   |   |--- feature_1 <= 2143.50
|   |   |   |   |   |   |   |   |   |   |   |--- truncated branch of depth 8
|   |   |   |   |   |   |   |   |   |   |--- feature_1 >  2143.50
|   |   |   |   |   |   |   |   |   |   |   |--- truncated branch of depth 9
|   |   |--- feature_0 >  16.50
|   |   |   |--- feature_0 <= 33.50
|   |   |   |   |--- feature_0 <= 30.50
|   |   |   |   |   |--- feature_1 <= 54.00
|   |   |   |   |   |   |--- feature_9 <= 2.00
|   |   |   |   |   |   |   |--- feature_8 <= 7.00
|   |   |   |   |   |   |   |   |--- class: 0
|   |   |   |   |   |   |   |--- feature_8 >  7.00
|   |   |   |   |   |   |   |   |--- feature_8 <= 13.00
|   |   |   |   |   |   |   |   |   |--- class: 1
|   |   |   |   |   |   |   |   |--- feature_8 >  13.00
|   |   |   |   |   |   |   |   |   |--- class: 0
|   |   |   |   |   |   |--- feature_9 >  2.00
|   |   |   |   |   |   |   |--- class: 1
|   |   |   |   |   |--- feature_1 >  54.00
|   |   |   |   |   |   |--- feature_5 <= 16.50
|   |   |   |   |   |   |   |--- feature_7 <= 1.00
|   |   |   |   |   |   |   |   |--- class: 1
|   |   |   |   |   |   |   |--- feature_7 >  1.00
|   |   |   |   |   |   |   |   |--- class: 0
|   |   |   |   |   |   |--- feature_5 >  16.50
|   |   |   |   |   |   |   |--- feature_10 <= 8743.00
|   |   |   |   |   |   |   |   |--- feature_10 <= 8702.00
|   |   |   |   |   |   |   |   |   |--- feature_10 <= 6120.00
|   |   |   |   |   |   |   |   |   |   |--- feature_1 <= 133.00
|   |   |   |   |   |   |   |   |   |   |   |--- truncated branch of depth 2
|   |   |   |   |   |   |   |   |   |   |--- feature_1 >  133.00
|   |   |   |   |   |   |   |   |   |   |   |--- truncated branch of depth 5
|   |   |   |   |   |   |   |   |   |--- feature_10 >  6120.00
|   |   |   |   |   |   |   |   |   |   |--- feature_0 <= 27.50
|   |   |   |   |   |   |   |   |   |   |   |--- truncated branch of depth 13
|   |   |   |   |   |   |   |   |   |   |--- feature_0 >  27.50
|   |   |   |   |   |   |   |   |   |   |   |--- class: 0
|   |   |   |   |   |   |   |   |--- feature_10 >  8702.00
|   |   |   |   |   |   |   |   |   |--- feature_5 <= 23.00
|   |   |   |   |   |   |   |   |   |   |--- class: 0
|   |   |   |   |   |   |   |   |   |--- feature_5 >  23.00
|   |   |   |   |   |   |   |   |   |   |--- class: 1
|   |   |   |   |   |   |   |--- feature_10 >  8743.00
|   |   |   |   |   |   |   |   |--- feature_1 <= 1767.50
|   |   |   |   |   |   |   |   |   |--- feature_4 <= 45.50
|   |   |   |   |   |   |   |   |   |   |--- class: 0
|   |   |   |   |   |   |   |   |   |--- feature_4 >  45.50
|   |   |   |   |   |   |   |   |   |   |--- feature_4 <= 53.50
|   |   |   |   |   |   |   |   |   |   |   |--- truncated branch of depth 9
|   |   |   |   |   |   |   |   |   |   |--- feature_4 >  53.50
|   |   |   |   |   |   |   |   |   |   |   |--- class: 0
|   |   |   |   |   |   |   |   |--- feature_1 >  1767.50
|   |   |   |   |   |   |   |   |   |--- feature_1 <= 1769.00
|   |   |   |   |   |   |   |   |   |   |--- class: 1
|   |   |   |   |   |   |   |   |   |--- feature_1 >  1769.00
|   |   |   |   |   |   |   |   |   |   |--- feature_9 <= 2.00
|   |   |   |   |   |   |   |   |   |   |   |--- truncated branch of depth 12
|   |   |   |   |   |   |   |   |   |   |--- feature_9 >  2.00
|   |   |   |   |   |   |   |   |   |   |   |--- class: 0
|   |   |   |   |--- feature_0 >  30.50
|   |   |   |   |   |--- feature_10 <= 25095.20
|   |   |   |   |   |   |--- feature_5 <= 70.50
|   |   |   |   |   |   |   |--- feature_8 <= 4.50
|   |   |   |   |   |   |   |   |--- feature_1 <= 3890.00
|   |   |   |   |   |   |   |   |   |--- feature_1 <= 2338.00
|   |   |   |   |   |   |   |   |   |   |--- feature_1 <= 2143.00
|   |   |   |   |   |   |   |   |   |   |   |--- truncated branch of depth 10
|   |   |   |   |   |   |   |   |   |   |--- feature_1 >  2143.00
|   |   |   |   |   |   |   |   |   |   |   |--- class: 1
|   |   |   |   |   |   |   |   |   |--- feature_1 >  2338.00
|   |   |   |   |   |   |   |   |   |   |--- class: 0
|   |   |   |   |   |   |   |   |--- feature_1 >  3890.00
|   |   |   |   |   |   |   |   |   |--- class: 1
|   |   |   |   |   |   |   |--- feature_8 >  4.50
|   |   |   |   |   |   |   |   |--- feature_5 <= 16.50
|   |   |   |   |   |   |   |   |   |--- class: 1
|   |   |   |   |   |   |   |   |--- feature_5 >  16.50
|   |   |   |   |   |   |   |   |   |--- feature_1 <= 129.50
|   |   |   |   |   |   |   |   |   |   |--- feature_1 <= 95.00
|   |   |   |   |   |   |   |   |   |   |   |--- class: 0
|   |   |   |   |   |   |   |   |   |   |--- feature_1 >  95.00
|   |   |   |   |   |   |   |   |   |   |   |--- class: 1
|   |   |   |   |   |   |   |   |   |--- feature_1 >  129.50
|   |   |   |   |   |   |   |   |   |   |--- feature_0 <= 31.50
|   |   |   |   |   |   |   |   |   |   |   |--- truncated branch of depth 6
|   |   |   |   |   |   |   |   |   |   |--- feature_0 >  31.50
|   |   |   |   |   |   |   |   |   |   |   |--- truncated branch of depth 4
|   |   |   |   |   |   |--- feature_5 >  70.50
|   |   |   |   |   |   |   |--- feature_8 <= 3.50
|   |   |   |   |   |   |   |   |--- class: 0
|   |   |   |   |   |   |   |--- feature_8 >  3.50
|   |   |   |   |   |   |   |   |--- feature_10 <= 15931.00
|   |   |   |   |   |   |   |   |   |--- class: 0
|   |   |   |   |   |   |   |   |--- feature_10 >  15931.00
|   |   |   |   |   |   |   |   |   |--- class: 1
|   |   |   |   |   |--- feature_10 >  25095.20
|   |   |   |   |   |   |--- feature_8 <= 6.50
|   |   |   |   |   |   |   |--- class: 1
|   |   |   |   |   |   |--- feature_8 >  6.50
|   |   |   |   |   |   |   |--- class: 0
|   |   |   |--- feature_0 >  33.50
|   |   |   |   |--- feature_7 <= 7.00
|   |   |   |   |   |--- feature_1 <= 4688.50
|   |   |   |   |   |   |--- feature_5 <= 44.50
|   |   |   |   |   |   |   |--- feature_5 <= 42.50
|   |   |   |   |   |   |   |   |--- feature_10 <= 3921.00
|   |   |   |   |   |   |   |   |   |--- feature_1 <= 600.50
|   |   |   |   |   |   |   |   |   |   |--- class: 1
|   |   |   |   |   |   |   |   |   |--- feature_1 >  600.50
|   |   |   |   |   |   |   |   |   |   |--- feature_10 <= 3873.00
|   |   |   |   |   |   |   |   |   |   |   |--- class: 0
|   |   |   |   |   |   |   |   |   |   |--- feature_10 >  3873.00
|   |   |   |   |   |   |   |   |   |   |   |--- class: 1
|   |   |   |   |   |   |   |   |--- feature_10 >  3921.00
|   |   |   |   |   |   |   |   |   |--- feature_8 <= 14.50
|   |   |   |   |   |   |   |   |   |   |--- feature_4 <= 56.00
|   |   |   |   |   |   |   |   |   |   |   |--- truncated branch of depth 13
|   |   |   |   |   |   |   |   |   |   |--- feature_4 >  56.00
|   |   |   |   |   |   |   |   |   |   |   |--- truncated branch of depth 2
|   |   |   |   |   |   |   |   |   |--- feature_8 >  14.50
|   |   |   |   |   |   |   |   |   |   |--- feature_10 <= 9479.00
|   |   |   |   |   |   |   |   |   |   |   |--- class: 1
|   |   |   |   |   |   |   |   |   |   |--- feature_10 >  9479.00
|   |   |   |   |   |   |   |   |   |   |   |--- class: 0
|   |   |   |   |   |   |   |--- feature_5 >  42.50
|   |   |   |   |   |   |   |   |--- feature_7 <= 2.50
|   |   |   |   |   |   |   |   |   |--- feature_10 <= 8484.00
|   |   |   |   |   |   |   |   |   |   |--- class: 1
|   |   |   |   |   |   |   |   |   |--- feature_10 >  8484.00
|   |   |   |   |   |   |   |   |   |   |--- feature_2 <= 0.50
|   |   |   |   |   |   |   |   |   |   |   |--- class: 0
|   |   |   |   |   |   |   |   |   |   |--- feature_2 >  0.50
|   |   |   |   |   |   |   |   |   |   |   |--- truncated branch of depth 3
|   |   |   |   |   |   |   |   |--- feature_7 >  2.50
|   |   |   |   |   |   |   |   |   |--- class: 1
|   |   |   |   |   |   |--- feature_5 >  44.50
|   |   |   |   |   |   |   |--- feature_8 <= 3.50
|   |   |   |   |   |   |   |   |--- feature_1 <= 3089.00
|   |   |   |   |   |   |   |   |   |--- feature_1 <= 411.00
|   |   |   |   |   |   |   |   |   |   |--- feature_1 <= 329.00
|   |   |   |   |   |   |   |   |   |   |   |--- class: 0
|   |   |   |   |   |   |   |   |   |   |--- feature_1 >  329.00
|   |   |   |   |   |   |   |   |   |   |   |--- class: 1
|   |   |   |   |   |   |   |   |   |--- feature_1 >  411.00
|   |   |   |   |   |   |   |   |   |   |--- class: 0
|   |   |   |   |   |   |   |   |--- feature_1 >  3089.00
|   |   |   |   |   |   |   |   |   |--- feature_1 <= 3235.50
|   |   |   |   |   |   |   |   |   |   |--- class: 1
|   |   |   |   |   |   |   |   |   |--- feature_1 >  3235.50
|   |   |   |   |   |   |   |   |   |   |--- class: 0
|   |   |   |   |   |   |   |--- feature_8 >  3.50
|   |   |   |   |   |   |   |   |--- class: 0
|   |   |   |   |   |--- feature_1 >  4688.50
|   |   |   |   |   |   |--- feature_4 <= 41.00
|   |   |   |   |   |   |   |--- class: 1
|   |   |   |   |   |   |--- feature_4 >  41.00
|   |   |   |   |   |   |   |--- class: 0
|   |   |   |   |--- feature_7 >  7.00
|   |   |   |   |   |--- class: 1
|--- feature_9 >  3.50
|   |--- feature_9 <= 20.50
|   |   |--- feature_9 <= 19.50
|   |   |   |--- feature_9 <= 10.50
|   |   |   |   |--- feature_9 <= 4.50
|   |   |   |   |   |--- feature_0 <= 5.50
|   |   |   |   |   |   |--- feature_1 <= 28.00
|   |   |   |   |   |   |   |--- feature_1 <= 4.50
|   |   |   |   |   |   |   |   |--- feature_4 <= 74.50
|   |   |   |   |   |   |   |   |   |--- class: 0
|   |   |   |   |   |   |   |   |--- feature_4 >  74.50
|   |   |   |   |   |   |   |   |   |--- class: 1
|   |   |   |   |   |   |   |--- feature_1 >  4.50
|   |   |   |   |   |   |   |   |--- feature_10 <= 8190.00
|   |   |   |   |   |   |   |   |   |--- feature_10 <= 7662.00
|   |   |   |   |   |   |   |   |   |   |--- class: 0
|   |   |   |   |   |   |   |   |   |--- feature_10 >  7662.00
|   |   |   |   |   |   |   |   |   |   |--- class: 1
|   |   |   |   |   |   |   |   |--- feature_10 >  8190.00
|   |   |   |   |   |   |   |   |   |--- feature_10 <= 14647.00
|   |   |   |   |   |   |   |   |   |   |--- feature_10 <= 14336.00
|   |   |   |   |   |   |   |   |   |   |   |--- class: 0
|   |   |   |   |   |   |   |   |   |   |--- feature_10 >  14336.00
|   |   |   |   |   |   |   |   |   |   |   |--- truncated branch of depth 2
|   |   |   |   |   |   |   |   |   |--- feature_10 >  14647.00
|   |   |   |   |   |   |   |   |   |   |--- class: 0
|   |   |   |   |   |   |--- feature_1 >  28.00
|   |   |   |   |   |   |   |--- feature_1 <= 74.50
|   |   |   |   |   |   |   |   |--- class: 1
|   |   |   |   |   |   |   |--- feature_1 >  74.50
|   |   |   |   |   |   |   |   |--- feature_8 <= 6.50
|   |   |   |   |   |   |   |   |   |--- feature_5 <= 32.50
|   |   |   |   |   |   |   |   |   |   |--- feature_1 <= 3191.50
|   |   |   |   |   |   |   |   |   |   |   |--- truncated branch of depth 9
|   |   |   |   |   |   |   |   |   |   |--- feature_1 >  3191.50
|   |   |   |   |   |   |   |   |   |   |   |--- class: 0
|   |   |   |   |   |   |   |   |   |--- feature_5 >  32.50
|   |   |   |   |   |   |   |   |   |   |--- feature_4 <= 42.50
|   |   |   |   |   |   |   |   |   |   |   |--- truncated branch of depth 6
|   |   |   |   |   |   |   |   |   |   |--- feature_4 >  42.50
|   |   |   |   |   |   |   |   |   |   |   |--- truncated branch of depth 13
|   |   |   |   |   |   |   |   |--- feature_8 >  6.50
|   |   |   |   |   |   |   |   |   |--- feature_5 <= 62.50
|   |   |   |   |   |   |   |   |   |   |--- feature_10 <= 28169.40
|   |   |   |   |   |   |   |   |   |   |   |--- truncated branch of depth 8
|   |   |   |   |   |   |   |   |   |   |--- feature_10 >  28169.40
|   |   |   |   |   |   |   |   |   |   |   |--- class: 1
|   |   |   |   |   |   |   |   |   |--- feature_5 >  62.50
|   |   |   |   |   |   |   |   |   |   |--- feature_2 <= 0.50
|   |   |   |   |   |   |   |   |   |   |   |--- truncated branch of depth 8
|   |   |   |   |   |   |   |   |   |   |--- feature_2 >  0.50
|   |   |   |   |   |   |   |   |   |   |   |--- truncated branch of depth 3
|   |   |   |   |   |--- feature_0 >  5.50
|   |   |   |   |   |   |--- feature_0 <= 28.00
|   |   |   |   |   |   |   |--- feature_1 <= 1484.50
|   |   |   |   |   |   |   |   |--- feature_7 <= 1.50
|   |   |   |   |   |   |   |   |   |--- feature_6 <= 0.50
|   |   |   |   |   |   |   |   |   |   |--- class: 1
|   |   |   |   |   |   |   |   |   |--- feature_6 >  0.50
|   |   |   |   |   |   |   |   |   |   |--- feature_8 <= 8.50
|   |   |   |   |   |   |   |   |   |   |   |--- class: 0
|   |   |   |   |   |   |   |   |   |   |--- feature_8 >  8.50
|   |   |   |   |   |   |   |   |   |   |   |--- class: 1
|   |   |   |   |   |   |   |   |--- feature_7 >  1.50
|   |   |   |   |   |   |   |   |   |--- feature_4 <= 33.00
|   |   |   |   |   |   |   |   |   |   |--- class: 0
|   |   |   |   |   |   |   |   |   |--- feature_4 >  33.00
|   |   |   |   |   |   |   |   |   |   |--- feature_8 <= 4.00
|   |   |   |   |   |   |   |   |   |   |   |--- truncated branch of depth 2
|   |   |   |   |   |   |   |   |   |   |--- feature_8 >  4.00
|   |   |   |   |   |   |   |   |   |   |   |--- class: 1
|   |   |   |   |   |   |   |--- feature_1 >  1484.50
|   |   |   |   |   |   |   |   |--- feature_1 <= 1919.00
|   |   |   |   |   |   |   |   |   |--- feature_0 <= 21.00
|   |   |   |   |   |   |   |   |   |   |--- feature_5 <= 21.50
|   |   |   |   |   |   |   |   |   |   |   |--- class: 1
|   |   |   |   |   |   |   |   |   |   |--- feature_5 >  21.50
|   |   |   |   |   |   |   |   |   |   |   |--- class: 0
|   |   |   |   |   |   |   |   |   |--- feature_0 >  21.00
|   |   |   |   |   |   |   |   |   |   |--- class: 1
|   |   |   |   |   |   |   |   |--- feature_1 >  1919.00
|   |   |   |   |   |   |   |   |   |--- feature_5 <= 27.00
|   |   |   |   |   |   |   |   |   |   |--- feature_4 <= 25.50
|   |   |   |   |   |   |   |   |   |   |   |--- truncated branch of depth 2
|   |   |   |   |   |   |   |   |   |   |--- feature_4 >  25.50
|   |   |   |   |   |   |   |   |   |   |   |--- class: 0
|   |   |   |   |   |   |   |   |   |--- feature_5 >  27.00
|   |   |   |   |   |   |   |   |   |   |--- feature_8 <= 7.50
|   |   |   |   |   |   |   |   |   |   |   |--- truncated branch of depth 4
|   |   |   |   |   |   |   |   |   |   |--- feature_8 >  7.50
|   |   |   |   |   |   |   |   |   |   |   |--- truncated branch of depth 2
|   |   |   |   |   |   |--- feature_0 >  28.00
|   |   |   |   |   |   |   |--- feature_1 <= 171.00
|   |   |   |   |   |   |   |   |--- feature_6 <= 0.50
|   |   |   |   |   |   |   |   |   |--- feature_7 <= 1.50
|   |   |   |   |   |   |   |   |   |   |--- class: 1
|   |   |   |   |   |   |   |   |   |--- feature_7 >  1.50
|   |   |   |   |   |   |   |   |   |   |--- feature_1 <= 57.50
|   |   |   |   |   |   |   |   |   |   |   |--- class: 0
|   |   |   |   |   |   |   |   |   |   |--- feature_1 >  57.50
|   |   |   |   |   |   |   |   |   |   |   |--- class: 1
|   |   |   |   |   |   |   |   |--- feature_6 >  0.50
|   |   |   |   |   |   |   |   |   |--- class: 0
|   |   |   |   |   |   |   |--- feature_1 >  171.00
|   |   |   |   |   |   |   |   |--- feature_0 <= 31.50
|   |   |   |   |   |   |   |   |   |--- feature_1 <= 2599.00
|   |   |   |   |   |   |   |   |   |   |--- feature_2 <= 0.50
|   |   |   |   |   |   |   |   |   |   |   |--- truncated branch of depth 10
|   |   |   |   |   |   |   |   |   |   |--- feature_2 >  0.50
|   |   |   |   |   |   |   |   |   |   |   |--- truncated branch of depth 5
|   |   |   |   |   |   |   |   |   |--- feature_1 >  2599.00
|   |   |   |   |   |   |   |   |   |   |--- feature_1 <= 2759.00
|   |   |   |   |   |   |   |   |   |   |   |--- class: 1
|   |   |   |   |   |   |   |   |   |   |--- feature_1 >  2759.00
|   |   |   |   |   |   |   |   |   |   |   |--- truncated branch of depth 6
|   |   |   |   |   |   |   |   |--- feature_0 >  31.50
|   |   |   |   |   |   |   |   |   |--- feature_1 <= 1238.00
|   |   |   |   |   |   |   |   |   |   |--- feature_10 <= 12803.00
|   |   |   |   |   |   |   |   |   |   |   |--- truncated branch of depth 3
|   |   |   |   |   |   |   |   |   |   |--- feature_10 >  12803.00
|   |   |   |   |   |   |   |   |   |   |   |--- truncated branch of depth 3
|   |   |   |   |   |   |   |   |   |--- feature_1 >  1238.00
|   |   |   |   |   |   |   |   |   |   |--- feature_10 <= 20964.00
|   |   |   |   |   |   |   |   |   |   |   |--- truncated branch of depth 4
|   |   |   |   |   |   |   |   |   |   |--- feature_10 >  20964.00
|   |   |   |   |   |   |   |   |   |   |   |--- truncated branch of depth 2
|   |   |   |   |--- feature_9 >  4.50
|   |   |   |   |   |--- feature_1 <= 8.50
|   |   |   |   |   |   |--- feature_9 <= 5.50
|   |   |   |   |   |   |   |--- class: 1
|   |   |   |   |   |   |--- feature_9 >  5.50
|   |   |   |   |   |   |   |--- feature_8 <= 7.00
|   |   |   |   |   |   |   |   |--- feature_0 <= 14.50
|   |   |   |   |   |   |   |   |   |--- class: 1
|   |   |   |   |   |   |   |   |--- feature_0 >  14.50
|   |   |   |   |   |   |   |   |   |--- feature_7 <= 0.50
|   |   |   |   |   |   |   |   |   |   |--- class: 0
|   |   |   |   |   |   |   |   |   |--- feature_7 >  0.50
|   |   |   |   |   |   |   |   |   |   |--- feature_8 <= 4.50
|   |   |   |   |   |   |   |   |   |   |   |--- class: 0
|   |   |   |   |   |   |   |   |   |   |--- feature_8 >  4.50
|   |   |   |   |   |   |   |   |   |   |   |--- class: 1
|   |   |   |   |   |   |   |--- feature_8 >  7.00
|   |   |   |   |   |   |   |   |--- class: 0
|   |   |   |   |   |--- feature_1 >  8.50
|   |   |   |   |   |   |--- feature_1 <= 123.50
|   |   |   |   |   |   |   |--- feature_10 <= 3882.00
|   |   |   |   |   |   |   |   |--- feature_4 <= 22.50
|   |   |   |   |   |   |   |   |   |--- class: 0
|   |   |   |   |   |   |   |   |--- feature_4 >  22.50
|   |   |   |   |   |   |   |   |   |--- class: 1
|   |   |   |   |   |   |   |--- feature_10 >  3882.00
|   |   |   |   |   |   |   |   |--- feature_1 <= 19.50
|   |   |   |   |   |   |   |   |   |--- feature_5 <= 74.00
|   |   |   |   |   |   |   |   |   |   |--- class: 0
|   |   |   |   |   |   |   |   |   |--- feature_5 >  74.00
|   |   |   |   |   |   |   |   |   |   |--- feature_1 <= 13.00
|   |   |   |   |   |   |   |   |   |   |   |--- truncated branch of depth 2
|   |   |   |   |   |   |   |   |   |   |--- feature_1 >  13.00
|   |   |   |   |   |   |   |   |   |   |   |--- class: 0
|   |   |   |   |   |   |   |   |--- feature_1 >  19.50
|   |   |   |   |   |   |   |   |   |--- feature_1 <= 23.50
|   |   |   |   |   |   |   |   |   |   |--- class: 1
|   |   |   |   |   |   |   |   |   |--- feature_1 >  23.50
|   |   |   |   |   |   |   |   |   |   |--- feature_0 <= 21.50
|   |   |   |   |   |   |   |   |   |   |   |--- truncated branch of depth 11
|   |   |   |   |   |   |   |   |   |   |--- feature_0 >  21.50
|   |   |   |   |   |   |   |   |   |   |   |--- truncated branch of depth 10
|   |   |   |   |   |   |--- feature_1 >  123.50
|   |   |   |   |   |   |   |--- feature_1 <= 140.50
|   |   |   |   |   |   |   |   |--- feature_0 <= 26.00
|   |   |   |   |   |   |   |   |   |--- feature_8 <= 6.50
|   |   |   |   |   |   |   |   |   |   |--- feature_10 <= 16764.00
|   |   |   |   |   |   |   |   |   |   |   |--- truncated branch of depth 6
|   |   |   |   |   |   |   |   |   |   |--- feature_10 >  16764.00
|   |   |   |   |   |   |   |   |   |   |   |--- class: 1
|   |   |   |   |   |   |   |   |   |--- feature_8 >  6.50
|   |   |   |   |   |   |   |   |   |   |--- feature_0 <= 21.50
|   |   |   |   |   |   |   |   |   |   |   |--- class: 1
|   |   |   |   |   |   |   |   |   |   |--- feature_0 >  21.50
|   |   |   |   |   |   |   |   |   |   |   |--- class: 0
|   |   |   |   |   |   |   |   |--- feature_0 >  26.00
|   |   |   |   |   |   |   |   |   |--- class: 1
|   |   |   |   |   |   |   |--- feature_1 >  140.50
|   |   |   |   |   |   |   |   |--- feature_5 <= 20.50
|   |   |   |   |   |   |   |   |   |--- feature_4 <= 47.50
|   |   |   |   |   |   |   |   |   |   |--- feature_5 <= 19.50
|   |   |   |   |   |   |   |   |   |   |   |--- class: 0
|   |   |   |   |   |   |   |   |   |   |--- feature_5 >  19.50
|   |   |   |   |   |   |   |   |   |   |   |--- truncated branch of depth 4
|   |   |   |   |   |   |   |   |   |--- feature_4 >  47.50
|   |   |   |   |   |   |   |   |   |   |--- feature_1 <= 320.50
|   |   |   |   |   |   |   |   |   |   |   |--- truncated branch of depth 2
|   |   |   |   |   |   |   |   |   |   |--- feature_1 >  320.50
|   |   |   |   |   |   |   |   |   |   |   |--- truncated branch of depth 5
|   |   |   |   |   |   |   |   |--- feature_5 >  20.50
|   |   |   |   |   |   |   |   |   |--- feature_8 <= 3.50
|   |   |   |   |   |   |   |   |   |   |--- feature_1 <= 5054.00
|   |   |   |   |   |   |   |   |   |   |   |--- truncated branch of depth 19
|   |   |   |   |   |   |   |   |   |   |--- feature_1 >  5054.00
|   |   |   |   |   |   |   |   |   |   |   |--- truncated branch of depth 2
|   |   |   |   |   |   |   |   |   |--- feature_8 >  3.50
|   |   |   |   |   |   |   |   |   |   |--- feature_1 <= 2587.50
|   |   |   |   |   |   |   |   |   |   |   |--- truncated branch of depth 20
|   |   |   |   |   |   |   |   |   |   |--- feature_1 >  2587.50
|   |   |   |   |   |   |   |   |   |   |   |--- truncated branch of depth 19
|   |   |   |--- feature_9 >  10.50
|   |   |   |   |--- feature_9 <= 14.50
|   |   |   |   |   |--- feature_9 <= 13.50
|   |   |   |   |   |   |--- feature_5 <= 21.50
|   |   |   |   |   |   |   |--- feature_9 <= 11.50
|   |   |   |   |   |   |   |   |--- feature_10 <= 3564.00
|   |   |   |   |   |   |   |   |   |--- feature_0 <= 18.00
|   |   |   |   |   |   |   |   |   |   |--- class: 0
|   |   |   |   |   |   |   |   |   |--- feature_0 >  18.00
|   |   |   |   |   |   |   |   |   |   |--- class: 1
|   |   |   |   |   |   |   |   |--- feature_10 >  3564.00
|   |   |   |   |   |   |   |   |   |--- feature_10 <= 4716.00
|   |   |   |   |   |   |   |   |   |   |--- feature_1 <= 87.00
|   |   |   |   |   |   |   |   |   |   |   |--- class: 0
|   |   |   |   |   |   |   |   |   |   |--- feature_1 >  87.00
|   |   |   |   |   |   |   |   |   |   |   |--- truncated branch of depth 4
|   |   |   |   |   |   |   |   |   |--- feature_10 >  4716.00
|   |   |   |   |   |   |   |   |   |   |--- feature_4 <= 19.50
|   |   |   |   |   |   |   |   |   |   |   |--- truncated branch of depth 8
|   |   |   |   |   |   |   |   |   |   |--- feature_4 >  19.50
|   |   |   |   |   |   |   |   |   |   |   |--- truncated branch of depth 12
|   |   |   |   |   |   |   |--- feature_9 >  11.50
|   |   |   |   |   |   |   |   |--- feature_0 <= 6.50
|   |   |   |   |   |   |   |   |   |--- feature_8 <= 12.00
|   |   |   |   |   |   |   |   |   |   |--- feature_1 <= 951.50
|   |   |   |   |   |   |   |   |   |   |   |--- truncated branch of depth 9
|   |   |   |   |   |   |   |   |   |   |--- feature_1 >  951.50
|   |   |   |   |   |   |   |   |   |   |   |--- class: 0
|   |   |   |   |   |   |   |   |   |--- feature_8 >  12.00
|   |   |   |   |   |   |   |   |   |   |--- class: 1
|   |   |   |   |   |   |   |   |--- feature_0 >  6.50
|   |   |   |   |   |   |   |   |   |--- feature_1 <= 70.00
|   |   |   |   |   |   |   |   |   |   |--- class: 1
|   |   |   |   |   |   |   |   |   |--- feature_1 >  70.00
|   |   |   |   |   |   |   |   |   |   |--- feature_7 <= 3.50
|   |   |   |   |   |   |   |   |   |   |   |--- truncated branch of depth 17
|   |   |   |   |   |   |   |   |   |   |--- feature_7 >  3.50
|   |   |   |   |   |   |   |   |   |   |   |--- truncated branch of depth 6
|   |   |   |   |   |   |--- feature_5 >  21.50
|   |   |   |   |   |   |   |--- feature_0 <= 0.50
|   |   |   |   |   |   |   |   |--- feature_9 <= 11.50
|   |   |   |   |   |   |   |   |   |--- feature_1 <= 3212.00
|   |   |   |   |   |   |   |   |   |   |--- feature_1 <= 340.00
|   |   |   |   |   |   |   |   |   |   |   |--- truncated branch of depth 7
|   |   |   |   |   |   |   |   |   |   |--- feature_1 >  340.00
|   |   |   |   |   |   |   |   |   |   |   |--- truncated branch of depth 9
|   |   |   |   |   |   |   |   |   |--- feature_1 >  3212.00
|   |   |   |   |   |   |   |   |   |   |--- feature_1 <= 3524.50
|   |   |   |   |   |   |   |   |   |   |   |--- truncated branch of depth 2
|   |   |   |   |   |   |   |   |   |   |--- feature_1 >  3524.50
|   |   |   |   |   |   |   |   |   |   |   |--- truncated branch of depth 4
|   |   |   |   |   |   |   |   |--- feature_9 >  11.50
|   |   |   |   |   |   |   |   |   |--- feature_1 <= 1865.00
|   |   |   |   |   |   |   |   |   |   |--- feature_1 <= 1791.50
|   |   |   |   |   |   |   |   |   |   |   |--- truncated branch of depth 11
|   |   |   |   |   |   |   |   |   |   |--- feature_1 >  1791.50
|   |   |   |   |   |   |   |   |   |   |   |--- class: 1
|   |   |   |   |   |   |   |   |   |--- feature_1 >  1865.00
|   |   |   |   |   |   |   |   |   |   |--- class: 0
|   |   |   |   |   |   |   |--- feature_0 >  0.50
|   |   |   |   |   |   |   |   |--- feature_0 <= 1.50
|   |   |   |   |   |   |   |   |   |--- feature_4 <= 27.50
|   |   |   |   |   |   |   |   |   |   |--- feature_5 <= 22.50
|   |   |   |   |   |   |   |   |   |   |   |--- truncated branch of depth 4
|   |   |   |   |   |   |   |   |   |   |--- feature_5 >  22.50
|   |   |   |   |   |   |   |   |   |   |   |--- truncated branch of depth 6
|   |   |   |   |   |   |   |   |   |--- feature_4 >  27.50
|   |   |   |   |   |   |   |   |   |   |--- feature_2 <= 0.50
|   |   |   |   |   |   |   |   |   |   |   |--- truncated branch of depth 8
|   |   |   |   |   |   |   |   |   |   |--- feature_2 >  0.50
|   |   |   |   |   |   |   |   |   |   |   |--- truncated branch of depth 9
|   |   |   |   |   |   |   |   |--- feature_0 >  1.50
|   |   |   |   |   |   |   |   |   |--- feature_1 <= 3632.00
|   |   |   |   |   |   |   |   |   |   |--- feature_1 <= 6.00
|   |   |   |   |   |   |   |   |   |   |   |--- truncated branch of depth 4
|   |   |   |   |   |   |   |   |   |   |--- feature_1 >  6.00
|   |   |   |   |   |   |   |   |   |   |   |--- truncated branch of depth 34
|   |   |   |   |   |   |   |   |   |--- feature_1 >  3632.00
|   |   |   |   |   |   |   |   |   |   |--- feature_0 <= 10.50
|   |   |   |   |   |   |   |   |   |   |   |--- truncated branch of depth 6
|   |   |   |   |   |   |   |   |   |   |--- feature_0 >  10.50
|   |   |   |   |   |   |   |   |   |   |   |--- truncated branch of depth 14
|   |   |   |   |   |--- feature_9 >  13.50
|   |   |   |   |   |   |--- feature_8 <= 4.50
|   |   |   |   |   |   |   |--- feature_1 <= 92.50
|   |   |   |   |   |   |   |   |--- feature_10 <= 7206.00
|   |   |   |   |   |   |   |   |   |--- class: 0
|   |   |   |   |   |   |   |   |--- feature_10 >  7206.00
|   |   |   |   |   |   |   |   |   |--- feature_10 <= 18248.00
|   |   |   |   |   |   |   |   |   |   |--- class: 1
|   |   |   |   |   |   |   |   |   |--- feature_10 >  18248.00
|   |   |   |   |   |   |   |   |   |   |--- feature_5 <= 19.00
|   |   |   |   |   |   |   |   |   |   |   |--- class: 1
|   |   |   |   |   |   |   |   |   |   |--- feature_5 >  19.00
|   |   |   |   |   |   |   |   |   |   |   |--- truncated branch of depth 3
|   |   |   |   |   |   |   |--- feature_1 >  92.50
|   |   |   |   |   |   |   |   |--- feature_5 <= 33.50
|   |   |   |   |   |   |   |   |   |--- feature_0 <= 13.50
|   |   |   |   |   |   |   |   |   |   |--- feature_8 <= 3.50
|   |   |   |   |   |   |   |   |   |   |   |--- truncated branch of depth 8
|   |   |   |   |   |   |   |   |   |   |--- feature_8 >  3.50
|   |   |   |   |   |   |   |   |   |   |   |--- truncated branch of depth 3
|   |   |   |   |   |   |   |   |   |--- feature_0 >  13.50
|   |   |   |   |   |   |   |   |   |   |--- feature_5 <= 25.50
|   |   |   |   |   |   |   |   |   |   |   |--- truncated branch of depth 11
|   |   |   |   |   |   |   |   |   |   |--- feature_5 >  25.50
|   |   |   |   |   |   |   |   |   |   |   |--- truncated branch of depth 9
|   |   |   |   |   |   |   |   |--- feature_5 >  33.50
|   |   |   |   |   |   |   |   |   |--- feature_7 <= 4.50
|   |   |   |   |   |   |   |   |   |   |--- feature_0 <= 2.50
|   |   |   |   |   |   |   |   |   |   |   |--- truncated branch of depth 6
|   |   |   |   |   |   |   |   |   |   |--- feature_0 >  2.50
|   |   |   |   |   |   |   |   |   |   |   |--- truncated branch of depth 14
|   |   |   |   |   |   |   |   |   |--- feature_7 >  4.50
|   |   |   |   |   |   |   |   |   |   |--- feature_1 <= 131.50
|   |   |   |   |   |   |   |   |   |   |   |--- class: 0
|   |   |   |   |   |   |   |   |   |   |--- feature_1 >  131.50
|   |   |   |   |   |   |   |   |   |   |   |--- class: 1
|   |   |   |   |   |   |--- feature_8 >  4.50
|   |   |   |   |   |   |   |--- feature_5 <= 16.50
|   |   |   |   |   |   |   |   |--- feature_0 <= 21.00
|   |   |   |   |   |   |   |   |   |--- class: 1
|   |   |   |   |   |   |   |   |--- feature_0 >  21.00
|   |   |   |   |   |   |   |   |   |--- feature_4 <= 52.00
|   |   |   |   |   |   |   |   |   |   |--- class: 0
|   |   |   |   |   |   |   |   |   |--- feature_4 >  52.00
|   |   |   |   |   |   |   |   |   |   |--- class: 1
|   |   |   |   |   |   |   |--- feature_5 >  16.50
|   |   |   |   |   |   |   |   |--- feature_10 <= 24587.20
|   |   |   |   |   |   |   |   |   |--- feature_10 <= 23955.20
|   |   |   |   |   |   |   |   |   |   |--- feature_8 <= 8.50
|   |   |   |   |   |   |   |   |   |   |   |--- truncated branch of depth 26
|   |   |   |   |   |   |   |   |   |   |--- feature_8 >  8.50
|   |   |   |   |   |   |   |   |   |   |   |--- truncated branch of depth 15
|   |   |   |   |   |   |   |   |   |--- feature_10 >  23955.20
|   |   |   |   |   |   |   |   |   |   |--- feature_1 <= 2365.00
|   |   |   |   |   |   |   |   |   |   |   |--- class: 1
|   |   |   |   |   |   |   |   |   |   |--- feature_1 >  2365.00
|   |   |   |   |   |   |   |   |   |   |   |--- truncated branch of depth 2
|   |   |   |   |   |   |   |   |--- feature_10 >  24587.20
|   |   |   |   |   |   |   |   |   |--- feature_5 <= 18.50
|   |   |   |   |   |   |   |   |   |   |--- class: 1
|   |   |   |   |   |   |   |   |   |--- feature_5 >  18.50
|   |   |   |   |   |   |   |   |   |   |--- feature_8 <= 13.00
|   |   |   |   |   |   |   |   |   |   |   |--- truncated branch of depth 3
|   |   |   |   |   |   |   |   |   |   |--- feature_8 >  13.00
|   |   |   |   |   |   |   |   |   |   |   |--- truncated branch of depth 3
|   |   |   |   |--- feature_9 >  14.50
|   |   |   |   |   |--- feature_9 <= 15.50
|   |   |   |   |   |   |--- feature_4 <= 41.50
|   |   |   |   |   |   |   |--- feature_1 <= 592.00
|   |   |   |   |   |   |   |   |--- feature_1 <= 483.50
|   |   |   |   |   |   |   |   |   |--- feature_10 <= 6790.00
|   |   |   |   |   |   |   |   |   |   |--- feature_10 <= 6720.00
|   |   |   |   |   |   |   |   |   |   |   |--- truncated branch of depth 9
|   |   |   |   |   |   |   |   |   |   |--- feature_10 >  6720.00
|   |   |   |   |   |   |   |   |   |   |   |--- class: 1
|   |   |   |   |   |   |   |   |   |--- feature_10 >  6790.00
|   |   |   |   |   |   |   |   |   |   |--- feature_7 <= 3.50
|   |   |   |   |   |   |   |   |   |   |   |--- truncated branch of depth 16
|   |   |   |   |   |   |   |   |   |   |--- feature_7 >  3.50
|   |   |   |   |   |   |   |   |   |   |   |--- class: 0
|   |   |   |   |   |   |   |   |--- feature_1 >  483.50
|   |   |   |   |   |   |   |   |   |--- feature_5 <= 25.50
|   |   |   |   |   |   |   |   |   |   |--- class: 0
|   |   |   |   |   |   |   |   |   |--- feature_5 >  25.50
|   |   |   |   |   |   |   |   |   |   |--- feature_10 <= 17037.90
|   |   |   |   |   |   |   |   |   |   |   |--- truncated branch of depth 8
|   |   |   |   |   |   |   |   |   |   |--- feature_10 >  17037.90
|   |   |   |   |   |   |   |   |   |   |   |--- class: 1
|   |   |   |   |   |   |   |--- feature_1 >  592.00
|   |   |   |   |   |   |   |   |--- feature_0 <= 13.50
|   |   |   |   |   |   |   |   |   |--- feature_1 <= 1290.00
|   |   |   |   |   |   |   |   |   |   |--- feature_1 <= 965.50
|   |   |   |   |   |   |   |   |   |   |   |--- truncated branch of depth 13
|   |   |   |   |   |   |   |   |   |   |--- feature_1 >  965.50
|   |   |   |   |   |   |   |   |   |   |   |--- truncated branch of depth 6
|   |   |   |   |   |   |   |   |   |--- feature_1 >  1290.00
|   |   |   |   |   |   |   |   |   |   |--- feature_1 <= 1724.00
|   |   |   |   |   |   |   |   |   |   |   |--- truncated branch of depth 12
|   |   |   |   |   |   |   |   |   |   |--- feature_1 >  1724.00
|   |   |   |   |   |   |   |   |   |   |   |--- truncated branch of depth 16
|   |   |   |   |   |   |   |   |--- feature_0 >  13.50
|   |   |   |   |   |   |   |   |   |--- feature_1 <= 641.00
|   |   |   |   |   |   |   |   |   |   |--- feature_0 <= 34.50
|   |   |   |   |   |   |   |   |   |   |   |--- truncated branch of depth 3
|   |   |   |   |   |   |   |   |   |   |--- feature_0 >  34.50
|   |   |   |   |   |   |   |   |   |   |   |--- class: 0
|   |   |   |   |   |   |   |   |   |--- feature_1 >  641.00
|   |   |   |   |   |   |   |   |   |   |--- feature_8 <= 5.50
|   |   |   |   |   |   |   |   |   |   |   |--- truncated branch of depth 15
|   |   |   |   |   |   |   |   |   |   |--- feature_8 >  5.50
|   |   |   |   |   |   |   |   |   |   |   |--- truncated branch of depth 6
|   |   |   |   |   |   |--- feature_4 >  41.50
|   |   |   |   |   |   |   |--- feature_1 <= 2284.50
|   |   |   |   |   |   |   |   |--- feature_2 <= 0.50
|   |   |   |   |   |   |   |   |   |--- feature_10 <= 35284.50
|   |   |   |   |   |   |   |   |   |   |--- feature_7 <= 5.50
|   |   |   |   |   |   |   |   |   |   |   |--- truncated branch of depth 24
|   |   |   |   |   |   |   |   |   |   |--- feature_7 >  5.50
|   |   |   |   |   |   |   |   |   |   |   |--- truncated branch of depth 4
|   |   |   |   |   |   |   |   |   |--- feature_10 >  35284.50
|   |   |   |   |   |   |   |   |   |   |--- feature_5 <= 65.50
|   |   |   |   |   |   |   |   |   |   |   |--- class: 1
|   |   |   |   |   |   |   |   |   |   |--- feature_5 >  65.50
|   |   |   |   |   |   |   |   |   |   |   |--- class: 0
|   |   |   |   |   |   |   |   |--- feature_2 >  0.50
|   |   |   |   |   |   |   |   |   |--- feature_10 <= 10784.00
|   |   |   |   |   |   |   |   |   |   |--- feature_10 <= 10248.00
|   |   |   |   |   |   |   |   |   |   |   |--- truncated branch of depth 5
|   |   |   |   |   |   |   |   |   |   |--- feature_10 >  10248.00
|   |   |   |   |   |   |   |   |   |   |   |--- truncated branch of depth 3
|   |   |   |   |   |   |   |   |   |--- feature_10 >  10784.00
|   |   |   |   |   |   |   |   |   |   |--- feature_8 <= 4.50
|   |   |   |   |   |   |   |   |   |   |   |--- truncated branch of depth 11
|   |   |   |   |   |   |   |   |   |   |--- feature_8 >  4.50
|   |   |   |   |   |   |   |   |   |   |   |--- truncated branch of depth 15
|   |   |   |   |   |   |   |--- feature_1 >  2284.50
|   |   |   |   |   |   |   |   |--- feature_5 <= 43.50
|   |   |   |   |   |   |   |   |   |--- feature_2 <= 0.50
|   |   |   |   |   |   |   |   |   |   |--- feature_7 <= 2.50
|   |   |   |   |   |   |   |   |   |   |   |--- truncated branch of depth 5
|   |   |   |   |   |   |   |   |   |   |--- feature_7 >  2.50
|   |   |   |   |   |   |   |   |   |   |   |--- truncated branch of depth 3
|   |   |   |   |   |   |   |   |   |--- feature_2 >  0.50
|   |   |   |   |   |   |   |   |   |   |--- feature_8 <= 4.50
|   |   |   |   |   |   |   |   |   |   |   |--- truncated branch of depth 3
|   |   |   |   |   |   |   |   |   |   |--- feature_8 >  4.50
|   |   |   |   |   |   |   |   |   |   |   |--- truncated branch of depth 3
|   |   |   |   |   |   |   |   |--- feature_5 >  43.50
|   |   |   |   |   |   |   |   |   |--- feature_1 <= 4864.50
|   |   |   |   |   |   |   |   |   |   |--- feature_1 <= 3568.00
|   |   |   |   |   |   |   |   |   |   |   |--- truncated branch of depth 11
|   |   |   |   |   |   |   |   |   |   |--- feature_1 >  3568.00
|   |   |   |   |   |   |   |   |   |   |   |--- truncated branch of depth 6
|   |   |   |   |   |   |   |   |   |--- feature_1 >  4864.50
|   |   |   |   |   |   |   |   |   |   |--- feature_8 <= 10.50
|   |   |   |   |   |   |   |   |   |   |   |--- truncated branch of depth 2
|   |   |   |   |   |   |   |   |   |   |--- feature_8 >  10.50
|   |   |   |   |   |   |   |   |   |   |   |--- class: 1
|   |   |   |   |   |--- feature_9 >  15.50
|   |   |   |   |   |   |--- feature_0 <= 33.50
|   |   |   |   |   |   |   |--- feature_9 <= 16.50
|   |   |   |   |   |   |   |   |--- feature_10 <= 17430.00
|   |   |   |   |   |   |   |   |   |--- feature_4 <= 20.50
|   |   |   |   |   |   |   |   |   |   |--- feature_2 <= 0.50
|   |   |   |   |   |   |   |   |   |   |   |--- truncated branch of depth 3
|   |   |   |   |   |   |   |   |   |   |--- feature_2 >  0.50
|   |   |   |   |   |   |   |   |   |   |   |--- truncated branch of depth 3
|   |   |   |   |   |   |   |   |   |--- feature_4 >  20.50
|   |   |   |   |   |   |   |   |   |   |--- feature_10 <= 17191.00
|   |   |   |   |   |   |   |   |   |   |   |--- truncated branch of depth 41
|   |   |   |   |   |   |   |   |   |   |--- feature_10 >  17191.00
|   |   |   |   |   |   |   |   |   |   |   |--- truncated branch of depth 3
|   |   |   |   |   |   |   |   |--- feature_10 >  17430.00
|   |   |   |   |   |   |   |   |   |--- feature_1 <= 5081.50
|   |   |   |   |   |   |   |   |   |   |--- feature_0 <= 8.50
|   |   |   |   |   |   |   |   |   |   |   |--- truncated branch of depth 19
|   |   |   |   |   |   |   |   |   |   |--- feature_0 >  8.50
|   |   |   |   |   |   |   |   |   |   |   |--- truncated branch of depth 19
|   |   |   |   |   |   |   |   |   |--- feature_1 >  5081.50
|   |   |   |   |   |   |   |   |   |   |--- class: 1
|   |   |   |   |   |   |   |--- feature_9 >  16.50
|   |   |   |   |   |   |   |   |--- feature_4 <= 22.50
|   |   |   |   |   |   |   |   |   |--- feature_9 <= 17.50
|   |   |   |   |   |   |   |   |   |   |--- feature_1 <= 32.00
|   |   |   |   |   |   |   |   |   |   |   |--- truncated branch of depth 4
|   |   |   |   |   |   |   |   |   |   |--- feature_1 >  32.00
|   |   |   |   |   |   |   |   |   |   |   |--- truncated branch of depth 12
|   |   |   |   |   |   |   |   |   |--- feature_9 >  17.50
|   |   |   |   |   |   |   |   |   |   |--- feature_10 <= 2692.00
|   |   |   |   |   |   |   |   |   |   |   |--- class: 1
|   |   |   |   |   |   |   |   |   |   |--- feature_10 >  2692.00
|   |   |   |   |   |   |   |   |   |   |   |--- truncated branch of depth 24
|   |   |   |   |   |   |   |   |--- feature_4 >  22.50
|   |   |   |   |   |   |   |   |   |--- feature_9 <= 17.50
|   |   |   |   |   |   |   |   |   |   |--- feature_8 <= 5.50
|   |   |   |   |   |   |   |   |   |   |   |--- truncated branch of depth 29
|   |   |   |   |   |   |   |   |   |   |--- feature_8 >  5.50
|   |   |   |   |   |   |   |   |   |   |   |--- truncated branch of depth 35
|   |   |   |   |   |   |   |   |   |--- feature_9 >  17.50
|   |   |   |   |   |   |   |   |   |   |--- feature_1 <= 9.00
|   |   |   |   |   |   |   |   |   |   |   |--- truncated branch of depth 5
|   |   |   |   |   |   |   |   |   |   |--- feature_1 >  9.00
|   |   |   |   |   |   |   |   |   |   |   |--- truncated branch of depth 35
|   |   |   |   |   |   |--- feature_0 >  33.50
|   |   |   |   |   |   |   |--- feature_1 <= 152.00
|   |   |   |   |   |   |   |   |--- feature_1 <= 28.00
|   |   |   |   |   |   |   |   |   |--- feature_8 <= 6.00
|   |   |   |   |   |   |   |   |   |   |--- feature_2 <= 0.50
|   |   |   |   |   |   |   |   |   |   |   |--- class: 0
|   |   |   |   |   |   |   |   |   |   |--- feature_2 >  0.50
|   |   |   |   |   |   |   |   |   |   |   |--- truncated branch of depth 2
|   |   |   |   |   |   |   |   |   |--- feature_8 >  6.00
|   |   |   |   |   |   |   |   |   |   |--- class: 0
|   |   |   |   |   |   |   |   |--- feature_1 >  28.00
|   |   |   |   |   |   |   |   |   |--- feature_10 <= 8694.00
|   |   |   |   |   |   |   |   |   |   |--- feature_5 <= 24.50
|   |   |   |   |   |   |   |   |   |   |   |--- truncated branch of depth 3
|   |   |   |   |   |   |   |   |   |   |--- feature_5 >  24.50
|   |   |   |   |   |   |   |   |   |   |   |--- truncated branch of depth 3
|   |   |   |   |   |   |   |   |   |--- feature_10 >  8694.00
|   |   |   |   |   |   |   |   |   |   |--- class: 1
|   |   |   |   |   |   |   |--- feature_1 >  152.00
|   |   |   |   |   |   |   |   |--- feature_10 <= 11012.00
|   |   |   |   |   |   |   |   |   |--- feature_10 <= 7854.00
|   |   |   |   |   |   |   |   |   |   |--- feature_10 <= 7422.00
|   |   |   |   |   |   |   |   |   |   |   |--- truncated branch of depth 11
|   |   |   |   |   |   |   |   |   |   |--- feature_10 >  7422.00
|   |   |   |   |   |   |   |   |   |   |   |--- truncated branch of depth 5
|   |   |   |   |   |   |   |   |   |--- feature_10 >  7854.00
|   |   |   |   |   |   |   |   |   |   |--- feature_7 <= 3.50
|   |   |   |   |   |   |   |   |   |   |   |--- truncated branch of depth 12
|   |   |   |   |   |   |   |   |   |   |--- feature_7 >  3.50
|   |   |   |   |   |   |   |   |   |   |   |--- truncated branch of depth 3
|   |   |   |   |   |   |   |   |--- feature_10 >  11012.00
|   |   |   |   |   |   |   |   |   |--- feature_5 <= 63.50
|   |   |   |   |   |   |   |   |   |   |--- feature_1 <= 4572.50
|   |   |   |   |   |   |   |   |   |   |   |--- truncated branch of depth 20
|   |   |   |   |   |   |   |   |   |   |--- feature_1 >  4572.50
|   |   |   |   |   |   |   |   |   |   |   |--- class: 1
|   |   |   |   |   |   |   |   |   |--- feature_5 >  63.50
|   |   |   |   |   |   |   |   |   |   |--- feature_9 <= 16.50
|   |   |   |   |   |   |   |   |   |   |   |--- truncated branch of depth 3
|   |   |   |   |   |   |   |   |   |   |--- feature_9 >  16.50
|   |   |   |   |   |   |   |   |   |   |   |--- truncated branch of depth 7
|   |   |--- feature_9 >  19.50
|   |   |   |--- feature_2 <= 0.50
|   |   |   |   |--- feature_0 <= 0.50
|   |   |   |   |   |--- feature_1 <= 3956.50
|   |   |   |   |   |   |--- feature_1 <= 1626.50
|   |   |   |   |   |   |   |--- feature_1 <= 221.00
|   |   |   |   |   |   |   |   |--- feature_5 <= 61.50
|   |   |   |   |   |   |   |   |   |--- feature_4 <= 59.50
|   |   |   |   |   |   |   |   |   |   |--- feature_7 <= 3.50
|   |   |   |   |   |   |   |   |   |   |   |--- truncated branch of depth 3
|   |   |   |   |   |   |   |   |   |   |--- feature_7 >  3.50
|   |   |   |   |   |   |   |   |   |   |   |--- class: 1
|   |   |   |   |   |   |   |   |   |--- feature_4 >  59.50
|   |   |   |   |   |   |   |   |   |   |--- feature_10 <= 15696.00
|   |   |   |   |   |   |   |   |   |   |   |--- class: 0
|   |   |   |   |   |   |   |   |   |   |--- feature_10 >  15696.00
|   |   |   |   |   |   |   |   |   |   |   |--- truncated branch of depth 2
|   |   |   |   |   |   |   |   |--- feature_5 >  61.50
|   |   |   |   |   |   |   |   |   |--- feature_1 <= 6.00
|   |   |   |   |   |   |   |   |   |   |--- class: 1
|   |   |   |   |   |   |   |   |   |--- feature_1 >  6.00
|   |   |   |   |   |   |   |   |   |   |--- feature_5 <= 74.50
|   |   |   |   |   |   |   |   |   |   |   |--- truncated branch of depth 3
|   |   |   |   |   |   |   |   |   |   |--- feature_5 >  74.50
|   |   |   |   |   |   |   |   |   |   |   |--- truncated branch of depth 4
|   |   |   |   |   |   |   |--- feature_1 >  221.00
|   |   |   |   |   |   |   |   |--- feature_7 <= 0.50
|   |   |   |   |   |   |   |   |   |--- feature_8 <= 10.50
|   |   |   |   |   |   |   |   |   |   |--- feature_10 <= 13277.00
|   |   |   |   |   |   |   |   |   |   |   |--- truncated branch of depth 4
|   |   |   |   |   |   |   |   |   |   |--- feature_10 >  13277.00
|   |   |   |   |   |   |   |   |   |   |   |--- truncated branch of depth 5
|   |   |   |   |   |   |   |   |   |--- feature_8 >  10.50
|   |   |   |   |   |   |   |   |   |   |--- feature_4 <= 61.00
|   |   |   |   |   |   |   |   |   |   |   |--- truncated branch of depth 3
|   |   |   |   |   |   |   |   |   |   |--- feature_4 >  61.00
|   |   |   |   |   |   |   |   |   |   |   |--- truncated branch of depth 3
|   |   |   |   |   |   |   |   |--- feature_7 >  0.50
|   |   |   |   |   |   |   |   |   |--- feature_8 <= 3.50
|   |   |   |   |   |   |   |   |   |   |--- feature_5 <= 65.50
|   |   |   |   |   |   |   |   |   |   |   |--- class: 0
|   |   |   |   |   |   |   |   |   |   |--- feature_5 >  65.50
|   |   |   |   |   |   |   |   |   |   |   |--- class: 1
|   |   |   |   |   |   |   |   |   |--- feature_8 >  3.50
|   |   |   |   |   |   |   |   |   |   |--- feature_1 <= 798.00
|   |   |   |   |   |   |   |   |   |   |   |--- truncated branch of depth 9
|   |   |   |   |   |   |   |   |   |   |--- feature_1 >  798.00
|   |   |   |   |   |   |   |   |   |   |   |--- truncated branch of depth 6
|   |   |   |   |   |   |--- feature_1 >  1626.50
|   |   |   |   |   |   |   |--- feature_1 <= 2236.50
|   |   |   |   |   |   |   |   |--- feature_1 <= 1821.50
|   |   |   |   |   |   |   |   |   |--- class: 0
|   |   |   |   |   |   |   |   |--- feature_1 >  1821.50
|   |   |   |   |   |   |   |   |   |--- feature_1 <= 2004.00
|   |   |   |   |   |   |   |   |   |   |--- feature_1 <= 1967.50
|   |   |   |   |   |   |   |   |   |   |   |--- truncated branch of depth 5
|   |   |   |   |   |   |   |   |   |   |--- feature_1 >  1967.50
|   |   |   |   |   |   |   |   |   |   |   |--- truncated branch of depth 2
|   |   |   |   |   |   |   |   |   |--- feature_1 >  2004.00
|   |   |   |   |   |   |   |   |   |   |--- class: 0
|   |   |   |   |   |   |   |--- feature_1 >  2236.50
|   |   |   |   |   |   |   |   |--- feature_5 <= 74.00
|   |   |   |   |   |   |   |   |   |--- feature_10 <= 20913.00
|   |   |   |   |   |   |   |   |   |   |--- feature_10 <= 18086.00
|   |   |   |   |   |   |   |   |   |   |   |--- truncated branch of depth 3
|   |   |   |   |   |   |   |   |   |   |--- feature_10 >  18086.00
|   |   |   |   |   |   |   |   |   |   |   |--- truncated branch of depth 2
|   |   |   |   |   |   |   |   |   |--- feature_10 >  20913.00
|   |   |   |   |   |   |   |   |   |   |--- class: 0
|   |   |   |   |   |   |   |   |--- feature_5 >  74.00
|   |   |   |   |   |   |   |   |   |--- feature_1 <= 3526.00
|   |   |   |   |   |   |   |   |   |   |--- class: 1
|   |   |   |   |   |   |   |   |   |--- feature_1 >  3526.00
|   |   |   |   |   |   |   |   |   |   |--- class: 0
|   |   |   |   |   |--- feature_1 >  3956.50
|   |   |   |   |   |   |--- class: 1
|   |   |   |   |--- feature_0 >  0.50
|   |   |   |   |   |--- feature_0 <= 30.50
|   |   |   |   |   |   |--- feature_1 <= 311.00
|   |   |   |   |   |   |   |--- feature_10 <= 33614.40
|   |   |   |   |   |   |   |   |--- feature_1 <= 0.50
|   |   |   |   |   |   |   |   |   |--- class: 1
|   |   |   |   |   |   |   |   |--- feature_1 >  0.50
|   |   |   |   |   |   |   |   |   |--- feature_5 <= 34.50
|   |   |   |   |   |   |   |   |   |   |--- feature_10 <= 4193.00
|   |   |   |   |   |   |   |   |   |   |   |--- truncated branch of depth 2
|   |   |   |   |   |   |   |   |   |   |--- feature_10 >  4193.00
|   |   |   |   |   |   |   |   |   |   |   |--- truncated branch of depth 8
|   |   |   |   |   |   |   |   |   |--- feature_5 >  34.50
|   |   |   |   |   |   |   |   |   |   |--- feature_10 <= 10737.00
|   |   |   |   |   |   |   |   |   |   |   |--- truncated branch of depth 6
|   |   |   |   |   |   |   |   |   |   |--- feature_10 >  10737.00
|   |   |   |   |   |   |   |   |   |   |   |--- truncated branch of depth 15
|   |   |   |   |   |   |   |--- feature_10 >  33614.40
|   |   |   |   |   |   |   |   |--- feature_1 <= 24.00
|   |   |   |   |   |   |   |   |   |--- feature_5 <= 60.50
|   |   |   |   |   |   |   |   |   |   |--- class: 0
|   |   |   |   |   |   |   |   |   |--- feature_5 >  60.50
|   |   |   |   |   |   |   |   |   |   |--- feature_8 <= 11.00
|   |   |   |   |   |   |   |   |   |   |   |--- class: 0
|   |   |   |   |   |   |   |   |   |   |--- feature_8 >  11.00
|   |   |   |   |   |   |   |   |   |   |   |--- class: 1
|   |   |   |   |   |   |   |   |--- feature_1 >  24.00
|   |   |   |   |   |   |   |   |   |--- class: 1
|   |   |   |   |   |   |--- feature_1 >  311.00
|   |   |   |   |   |   |   |--- feature_1 <= 360.00
|   |   |   |   |   |   |   |   |--- feature_1 <= 355.00
|   |   |   |   |   |   |   |   |   |--- feature_1 <= 329.00
|   |   |   |   |   |   |   |   |   |   |--- feature_7 <= 0.50
|   |   |   |   |   |   |   |   |   |   |   |--- class: 1
|   |   |   |   |   |   |   |   |   |   |--- feature_7 >  0.50
|   |   |   |   |   |   |   |   |   |   |   |--- class: 0
|   |   |   |   |   |   |   |   |   |--- feature_1 >  329.00
|   |   |   |   |   |   |   |   |   |   |--- class: 0
|   |   |   |   |   |   |   |   |--- feature_1 >  355.00
|   |   |   |   |   |   |   |   |   |--- class: 1
|   |   |   |   |   |   |   |--- feature_1 >  360.00
|   |   |   |   |   |   |   |   |--- feature_10 <= 31011.60
|   |   |   |   |   |   |   |   |   |--- feature_10 <= 30888.00
|   |   |   |   |   |   |   |   |   |   |--- feature_5 <= 69.50
|   |   |   |   |   |   |   |   |   |   |   |--- truncated branch of depth 25
|   |   |   |   |   |   |   |   |   |   |--- feature_5 >  69.50
|   |   |   |   |   |   |   |   |   |   |   |--- truncated branch of depth 10
|   |   |   |   |   |   |   |   |   |--- feature_10 >  30888.00
|   |   |   |   |   |   |   |   |   |   |--- class: 1
|   |   |   |   |   |   |   |   |--- feature_10 >  31011.60
|   |   |   |   |   |   |   |   |   |--- feature_5 <= 71.50
|   |   |   |   |   |   |   |   |   |   |--- class: 0
|   |   |   |   |   |   |   |   |   |--- feature_5 >  71.50
|   |   |   |   |   |   |   |   |   |   |--- class: 1
|   |   |   |   |   |--- feature_0 >  30.50
|   |   |   |   |   |   |--- feature_1 <= 595.00
|   |   |   |   |   |   |   |--- feature_1 <= 319.00
|   |   |   |   |   |   |   |   |--- feature_10 <= 21040.00
|   |   |   |   |   |   |   |   |   |--- feature_10 <= 13392.00
|   |   |   |   |   |   |   |   |   |   |--- feature_7 <= 4.00
|   |   |   |   |   |   |   |   |   |   |   |--- truncated branch of depth 8
|   |   |   |   |   |   |   |   |   |   |--- feature_7 >  4.00
|   |   |   |   |   |   |   |   |   |   |   |--- class: 1
|   |   |   |   |   |   |   |   |   |--- feature_10 >  13392.00
|   |   |   |   |   |   |   |   |   |   |--- feature_0 <= 34.50
|   |   |   |   |   |   |   |   |   |   |   |--- truncated branch of depth 4
|   |   |   |   |   |   |   |   |   |   |--- feature_0 >  34.50
|   |   |   |   |   |   |   |   |   |   |   |--- truncated branch of depth 3
|   |   |   |   |   |   |   |   |--- feature_10 >  21040.00
|   |   |   |   |   |   |   |   |   |--- feature_1 <= 11.00
|   |   |   |   |   |   |   |   |   |   |--- class: 1
|   |   |   |   |   |   |   |   |   |--- feature_1 >  11.00
|   |   |   |   |   |   |   |   |   |   |--- feature_4 <= 73.50
|   |   |   |   |   |   |   |   |   |   |   |--- class: 0
|   |   |   |   |   |   |   |   |   |   |--- feature_4 >  73.50
|   |   |   |   |   |   |   |   |   |   |   |--- truncated branch of depth 2
|   |   |   |   |   |   |   |--- feature_1 >  319.00
|   |   |   |   |   |   |   |   |--- feature_1 <= 354.50
|   |   |   |   |   |   |   |   |   |--- class: 1
|   |   |   |   |   |   |   |   |--- feature_1 >  354.50
|   |   |   |   |   |   |   |   |   |--- feature_8 <= 5.50
|   |   |   |   |   |   |   |   |   |   |--- feature_5 <= 24.50
|   |   |   |   |   |   |   |   |   |   |   |--- truncated branch of depth 2
|   |   |   |   |   |   |   |   |   |   |--- feature_5 >  24.50
|   |   |   |   |   |   |   |   |   |   |   |--- truncated branch of depth 6
|   |   |   |   |   |   |   |   |   |--- feature_8 >  5.50
|   |   |   |   |   |   |   |   |   |   |--- feature_1 <= 417.50
|   |   |   |   |   |   |   |   |   |   |   |--- truncated branch of depth 2
|   |   |   |   |   |   |   |   |   |   |--- feature_1 >  417.50
|   |   |   |   |   |   |   |   |   |   |   |--- class: 0
|   |   |   |   |   |   |--- feature_1 >  595.00
|   |   |   |   |   |   |   |--- feature_10 <= 7500.00
|   |   |   |   |   |   |   |   |--- feature_7 <= 0.50
|   |   |   |   |   |   |   |   |   |--- feature_10 <= 7302.00
|   |   |   |   |   |   |   |   |   |   |--- class: 0
|   |   |   |   |   |   |   |   |   |--- feature_10 >  7302.00
|   |   |   |   |   |   |   |   |   |   |--- class: 1
|   |   |   |   |   |   |   |   |--- feature_7 >  0.50
|   |   |   |   |   |   |   |   |   |--- feature_4 <= 22.50
|   |   |   |   |   |   |   |   |   |   |--- class: 0
|   |   |   |   |   |   |   |   |   |--- feature_4 >  22.50
|   |   |   |   |   |   |   |   |   |   |--- feature_0 <= 33.50
|   |   |   |   |   |   |   |   |   |   |   |--- truncated branch of depth 3
|   |   |   |   |   |   |   |   |   |   |--- feature_0 >  33.50
|   |   |   |   |   |   |   |   |   |   |   |--- truncated branch of depth 2
|   |   |   |   |   |   |   |--- feature_10 >  7500.00
|   |   |   |   |   |   |   |   |--- feature_1 <= 4593.50
|   |   |   |   |   |   |   |   |   |--- feature_10 <= 11889.00
|   |   |   |   |   |   |   |   |   |   |--- feature_4 <= 29.50
|   |   |   |   |   |   |   |   |   |   |   |--- truncated branch of depth 5
|   |   |   |   |   |   |   |   |   |   |--- feature_4 >  29.50
|   |   |   |   |   |   |   |   |   |   |   |--- truncated branch of depth 3
|   |   |   |   |   |   |   |   |   |--- feature_10 >  11889.00
|   |   |   |   |   |   |   |   |   |   |--- feature_10 <= 12348.00
|   |   |   |   |   |   |   |   |   |   |   |--- truncated branch of depth 2
|   |   |   |   |   |   |   |   |   |   |--- feature_10 >  12348.00
|   |   |   |   |   |   |   |   |   |   |   |--- truncated branch of depth 13
|   |   |   |   |   |   |   |   |--- feature_1 >  4593.50
|   |   |   |   |   |   |   |   |   |--- feature_4 <= 40.50
|   |   |   |   |   |   |   |   |   |   |--- class: 0
|   |   |   |   |   |   |   |   |   |--- feature_4 >  40.50
|   |   |   |   |   |   |   |   |   |   |--- class: 1
|   |   |   |--- feature_2 >  0.50
|   |   |   |   |--- feature_10 <= 5300.00
|   |   |   |   |   |--- feature_0 <= 3.00
|   |   |   |   |   |   |--- feature_7 <= 0.50
|   |   |   |   |   |   |   |--- feature_10 <= 4347.00
|   |   |   |   |   |   |   |   |--- class: 1
|   |   |   |   |   |   |   |--- feature_10 >  4347.00
|   |   |   |   |   |   |   |   |--- feature_4 <= 25.50
|   |   |   |   |   |   |   |   |   |--- feature_10 <= 4558.00
|   |   |   |   |   |   |   |   |   |   |--- class: 0
|   |   |   |   |   |   |   |   |   |--- feature_10 >  4558.00
|   |   |   |   |   |   |   |   |   |   |--- class: 1
|   |   |   |   |   |   |   |   |--- feature_4 >  25.50
|   |   |   |   |   |   |   |   |   |--- class: 0
|   |   |   |   |   |   |--- feature_7 >  0.50
|   |   |   |   |   |   |   |--- feature_5 <= 25.50
|   |   |   |   |   |   |   |   |--- class: 0
|   |   |   |   |   |   |   |--- feature_5 >  25.50
|   |   |   |   |   |   |   |   |--- feature_0 <= 1.50
|   |   |   |   |   |   |   |   |   |--- class: 0
|   |   |   |   |   |   |   |   |--- feature_0 >  1.50
|   |   |   |   |   |   |   |   |   |--- class: 1
|   |   |   |   |   |--- feature_0 >  3.00
|   |   |   |   |   |   |--- feature_0 <= 34.50
|   |   |   |   |   |   |   |--- feature_1 <= 1632.50
|   |   |   |   |   |   |   |   |--- feature_1 <= 1617.00
|   |   |   |   |   |   |   |   |   |--- feature_1 <= 1455.00
|   |   |   |   |   |   |   |   |   |   |--- feature_7 <= 2.50
|   |   |   |   |   |   |   |   |   |   |   |--- class: 0
|   |   |   |   |   |   |   |   |   |   |--- feature_7 >  2.50
|   |   |   |   |   |   |   |   |   |   |   |--- truncated branch of depth 3
|   |   |   |   |   |   |   |   |   |--- feature_1 >  1455.00
|   |   |   |   |   |   |   |   |   |   |--- feature_1 <= 1487.00
|   |   |   |   |   |   |   |   |   |   |   |--- class: 1
|   |   |   |   |   |   |   |   |   |   |--- feature_1 >  1487.00
|   |   |   |   |   |   |   |   |   |   |   |--- class: 0
|   |   |   |   |   |   |   |   |--- feature_1 >  1617.00
|   |   |   |   |   |   |   |   |   |--- class: 1
|   |   |   |   |   |   |   |--- feature_1 >  1632.50
|   |   |   |   |   |   |   |   |--- class: 0
|   |   |   |   |   |   |--- feature_0 >  34.50
|   |   |   |   |   |   |   |--- feature_1 <= 2801.50
|   |   |   |   |   |   |   |   |--- class: 0
|   |   |   |   |   |   |   |--- feature_1 >  2801.50
|   |   |   |   |   |   |   |   |--- feature_4 <= 24.50
|   |   |   |   |   |   |   |   |   |--- class: 1
|   |   |   |   |   |   |   |   |--- feature_4 >  24.50
|   |   |   |   |   |   |   |   |   |--- class: 0
|   |   |   |   |--- feature_10 >  5300.00
|   |   |   |   |   |--- feature_10 <= 5316.00
|   |   |   |   |   |   |--- class: 1
|   |   |   |   |   |--- feature_10 >  5316.00
|   |   |   |   |   |   |--- feature_1 <= 5009.00
|   |   |   |   |   |   |   |--- feature_10 <= 6004.00
|   |   |   |   |   |   |   |   |--- feature_10 <= 5866.00
|   |   |   |   |   |   |   |   |   |--- feature_1 <= 1808.50
|   |   |   |   |   |   |   |   |   |   |--- feature_7 <= 4.50
|   |   |   |   |   |   |   |   |   |   |   |--- truncated branch of depth 5
|   |   |   |   |   |   |   |   |   |   |--- feature_7 >  4.50
|   |   |   |   |   |   |   |   |   |   |   |--- class: 1
|   |   |   |   |   |   |   |   |   |--- feature_1 >  1808.50
|   |   |   |   |   |   |   |   |   |   |--- feature_1 <= 2223.50
|   |   |   |   |   |   |   |   |   |   |   |--- class: 1
|   |   |   |   |   |   |   |   |   |   |--- feature_1 >  2223.50
|   |   |   |   |   |   |   |   |   |   |   |--- truncated branch of depth 3
|   |   |   |   |   |   |   |   |--- feature_10 >  5866.00
|   |   |   |   |   |   |   |   |   |--- feature_10 <= 5965.00
|   |   |   |   |   |   |   |   |   |   |--- class: 1
|   |   |   |   |   |   |   |   |   |--- feature_10 >  5965.00
|   |   |   |   |   |   |   |   |   |   |--- feature_8 <= 3.00
|   |   |   |   |   |   |   |   |   |   |   |--- class: 1
|   |   |   |   |   |   |   |   |   |   |--- feature_8 >  3.00
|   |   |   |   |   |   |   |   |   |   |   |--- class: 0
|   |   |   |   |   |   |   |--- feature_10 >  6004.00
|   |   |   |   |   |   |   |   |--- feature_8 <= 15.50
|   |   |   |   |   |   |   |   |   |--- feature_4 <= 73.50
|   |   |   |   |   |   |   |   |   |   |--- feature_5 <= 61.50
|   |   |   |   |   |   |   |   |   |   |   |--- truncated branch of depth 22
|   |   |   |   |   |   |   |   |   |   |--- feature_5 >  61.50
|   |   |   |   |   |   |   |   |   |   |   |--- truncated branch of depth 5
|   |   |   |   |   |   |   |   |   |--- feature_4 >  73.50
|   |   |   |   |   |   |   |   |   |   |--- feature_10 <= 21199.00
|   |   |   |   |   |   |   |   |   |   |   |--- truncated branch of depth 5
|   |   |   |   |   |   |   |   |   |   |--- feature_10 >  21199.00
|   |   |   |   |   |   |   |   |   |   |   |--- truncated branch of depth 3
|   |   |   |   |   |   |   |   |--- feature_8 >  15.50
|   |   |   |   |   |   |   |   |   |--- feature_0 <= 31.50
|   |   |   |   |   |   |   |   |   |   |--- feature_4 <= 64.50
|   |   |   |   |   |   |   |   |   |   |   |--- truncated branch of depth 6
|   |   |   |   |   |   |   |   |   |   |--- feature_4 >  64.50
|   |   |   |   |   |   |   |   |   |   |   |--- truncated branch of depth 3
|   |   |   |   |   |   |   |   |   |--- feature_0 >  31.50
|   |   |   |   |   |   |   |   |   |   |--- class: 0
|   |   |   |   |   |   |--- feature_1 >  5009.00
|   |   |   |   |   |   |   |--- class: 1
|   |--- feature_9 >  20.50
|   |   |--- feature_1 <= 4670.50
|   |   |   |--- feature_1 <= 1707.50
|   |   |   |   |--- feature_1 <= 51.50
|   |   |   |   |   |--- feature_0 <= 6.50
|   |   |   |   |   |   |--- feature_4 <= 49.50
|   |   |   |   |   |   |   |--- feature_10 <= 12146.00
|   |   |   |   |   |   |   |   |--- feature_10 <= 4876.00
|   |   |   |   |   |   |   |   |   |--- class: 0
|   |   |   |   |   |   |   |   |--- feature_10 >  4876.00
|   |   |   |   |   |   |   |   |   |--- feature_1 <= 8.00
|   |   |   |   |   |   |   |   |   |   |--- class: 1
|   |   |   |   |   |   |   |   |   |--- feature_1 >  8.00
|   |   |   |   |   |   |   |   |   |   |--- feature_1 <= 27.50
|   |   |   |   |   |   |   |   |   |   |   |--- class: 0
|   |   |   |   |   |   |   |   |   |   |--- feature_1 >  27.50
|   |   |   |   |   |   |   |   |   |   |   |--- truncated branch of depth 3
|   |   |   |   |   |   |   |--- feature_10 >  12146.00
|   |   |   |   |   |   |   |   |--- feature_10 <= 23655.00
|   |   |   |   |   |   |   |   |   |--- feature_5 <= 27.00
|   |   |   |   |   |   |   |   |   |   |--- feature_2 <= 0.50
|   |   |   |   |   |   |   |   |   |   |   |--- class: 1
|   |   |   |   |   |   |   |   |   |   |--- feature_2 >  0.50
|   |   |   |   |   |   |   |   |   |   |   |--- class: 0
|   |   |   |   |   |   |   |   |   |--- feature_5 >  27.00
|   |   |   |   |   |   |   |   |   |   |--- class: 0
|   |   |   |   |   |   |   |   |--- feature_10 >  23655.00
|   |   |   |   |   |   |   |   |   |--- class: 1
|   |   |   |   |   |   |--- feature_4 >  49.50
|   |   |   |   |   |   |   |--- feature_1 <= 10.50
|   |   |   |   |   |   |   |   |--- feature_10 <= 26628.00
|   |   |   |   |   |   |   |   |   |--- feature_4 <= 60.50
|   |   |   |   |   |   |   |   |   |   |--- class: 0
|   |   |   |   |   |   |   |   |   |--- feature_4 >  60.50
|   |   |   |   |   |   |   |   |   |   |--- feature_5 <= 69.50
|   |   |   |   |   |   |   |   |   |   |   |--- class: 1
|   |   |   |   |   |   |   |   |   |   |--- feature_5 >  69.50
|   |   |   |   |   |   |   |   |   |   |   |--- truncated branch of depth 2
|   |   |   |   |   |   |   |   |--- feature_10 >  26628.00
|   |   |   |   |   |   |   |   |   |--- class: 0
|   |   |   |   |   |   |   |--- feature_1 >  10.50
|   |   |   |   |   |   |   |   |--- feature_10 <= 33518.40
|   |   |   |   |   |   |   |   |   |--- feature_5 <= 19.50
|   |   |   |   |   |   |   |   |   |   |--- class: 0
|   |   |   |   |   |   |   |   |   |--- feature_5 >  19.50
|   |   |   |   |   |   |   |   |   |   |--- feature_8 <= 8.50
|   |   |   |   |   |   |   |   |   |   |   |--- class: 1
|   |   |   |   |   |   |   |   |   |   |--- feature_8 >  8.50
|   |   |   |   |   |   |   |   |   |   |   |--- truncated branch of depth 3
|   |   |   |   |   |   |   |   |--- feature_10 >  33518.40
|   |   |   |   |   |   |   |   |   |--- class: 0
|   |   |   |   |   |--- feature_0 >  6.50
|   |   |   |   |   |   |--- feature_1 <= 12.50
|   |   |   |   |   |   |   |--- feature_0 <= 32.50
|   |   |   |   |   |   |   |   |--- feature_10 <= 6095.00
|   |   |   |   |   |   |   |   |   |--- class: 0
|   |   |   |   |   |   |   |   |--- feature_10 >  6095.00
|   |   |   |   |   |   |   |   |   |--- feature_4 <= 37.00
|   |   |   |   |   |   |   |   |   |   |--- class: 1
|   |   |   |   |   |   |   |   |   |--- feature_4 >  37.00
|   |   |   |   |   |   |   |   |   |   |--- feature_8 <= 5.50
|   |   |   |   |   |   |   |   |   |   |   |--- truncated branch of depth 3
|   |   |   |   |   |   |   |   |   |   |--- feature_8 >  5.50
|   |   |   |   |   |   |   |   |   |   |   |--- class: 1
|   |   |   |   |   |   |   |--- feature_0 >  32.50
|   |   |   |   |   |   |   |   |--- class: 0
|   |   |   |   |   |   |--- feature_1 >  12.50
|   |   |   |   |   |   |   |--- feature_1 <= 14.00
|   |   |   |   |   |   |   |   |--- feature_10 <= 12134.00
|   |   |   |   |   |   |   |   |   |--- class: 0
|   |   |   |   |   |   |   |   |--- feature_10 >  12134.00
|   |   |   |   |   |   |   |   |   |--- feature_10 <= 12456.00
|   |   |   |   |   |   |   |   |   |   |--- class: 1
|   |   |   |   |   |   |   |   |   |--- feature_10 >  12456.00
|   |   |   |   |   |   |   |   |   |   |--- class: 0
|   |   |   |   |   |   |   |--- feature_1 >  14.00
|   |   |   |   |   |   |   |   |--- feature_1 <= 47.50
|   |   |   |   |   |   |   |   |   |--- feature_5 <= 70.00
|   |   |   |   |   |   |   |   |   |   |--- feature_5 <= 56.50
|   |   |   |   |   |   |   |   |   |   |   |--- truncated branch of depth 11
|   |   |   |   |   |   |   |   |   |   |--- feature_5 >  56.50
|   |   |   |   |   |   |   |   |   |   |   |--- truncated branch of depth 3
|   |   |   |   |   |   |   |   |   |--- feature_5 >  70.00
|   |   |   |   |   |   |   |   |   |   |--- class: 1
|   |   |   |   |   |   |   |   |--- feature_1 >  47.50
|   |   |   |   |   |   |   |   |   |--- class: 1
|   |   |   |   |--- feature_1 >  51.50
|   |   |   |   |   |--- feature_7 <= 5.50
|   |   |   |   |   |   |--- feature_2 <= 0.50
|   |   |   |   |   |   |   |--- feature_4 <= 70.50
|   |   |   |   |   |   |   |   |--- feature_10 <= 3633.00
|   |   |   |   |   |   |   |   |   |--- class: 1
|   |   |   |   |   |   |   |   |--- feature_10 >  3633.00
|   |   |   |   |   |   |   |   |   |--- feature_0 <= 32.50
|   |   |   |   |   |   |   |   |   |   |--- feature_0 <= 30.50
|   |   |   |   |   |   |   |   |   |   |   |--- truncated branch of depth 23
|   |   |   |   |   |   |   |   |   |   |--- feature_0 >  30.50
|   |   |   |   |   |   |   |   |   |   |   |--- truncated branch of depth 8
|   |   |   |   |   |   |   |   |   |--- feature_0 >  32.50
|   |   |   |   |   |   |   |   |   |   |--- feature_4 <= 64.50
|   |   |   |   |   |   |   |   |   |   |   |--- truncated branch of depth 12
|   |   |   |   |   |   |   |   |   |   |--- feature_4 >  64.50
|   |   |   |   |   |   |   |   |   |   |   |--- truncated branch of depth 6
|   |   |   |   |   |   |   |--- feature_4 >  70.50
|   |   |   |   |   |   |   |   |--- feature_1 <= 1080.00
|   |   |   |   |   |   |   |   |   |--- feature_1 <= 85.50
|   |   |   |   |   |   |   |   |   |   |--- feature_1 <= 69.00
|   |   |   |   |   |   |   |   |   |   |   |--- truncated branch of depth 2
|   |   |   |   |   |   |   |   |   |   |--- feature_1 >  69.00
|   |   |   |   |   |   |   |   |   |   |   |--- truncated branch of depth 2
|   |   |   |   |   |   |   |   |   |--- feature_1 >  85.50
|   |   |   |   |   |   |   |   |   |   |--- feature_0 <= 34.50
|   |   |   |   |   |   |   |   |   |   |   |--- truncated branch of depth 13
|   |   |   |   |   |   |   |   |   |   |--- feature_0 >  34.50
|   |   |   |   |   |   |   |   |   |   |   |--- class: 1
|   |   |   |   |   |   |   |   |--- feature_1 >  1080.00
|   |   |   |   |   |   |   |   |   |--- feature_1 <= 1293.00
|   |   |   |   |   |   |   |   |   |   |--- feature_8 <= 5.50
|   |   |   |   |   |   |   |   |   |   |   |--- truncated branch of depth 4
|   |   |   |   |   |   |   |   |   |   |--- feature_8 >  5.50
|   |   |   |   |   |   |   |   |   |   |   |--- truncated branch of depth 4
|   |   |   |   |   |   |   |   |   |--- feature_1 >  1293.00
|   |   |   |   |   |   |   |   |   |   |--- feature_5 <= 73.50
|   |   |   |   |   |   |   |   |   |   |   |--- truncated branch of depth 3
|   |   |   |   |   |   |   |   |   |   |--- feature_5 >  73.50
|   |   |   |   |   |   |   |   |   |   |   |--- truncated branch of depth 7
|   |   |   |   |   |   |--- feature_2 >  0.50
|   |   |   |   |   |   |   |--- feature_5 <= 25.50
|   |   |   |   |   |   |   |   |--- feature_0 <= 31.50
|   |   |   |   |   |   |   |   |   |--- feature_1 <= 393.00
|   |   |   |   |   |   |   |   |   |   |--- feature_1 <= 360.50
|   |   |   |   |   |   |   |   |   |   |   |--- truncated branch of depth 9
|   |   |   |   |   |   |   |   |   |   |--- feature_1 >  360.50
|   |   |   |   |   |   |   |   |   |   |   |--- truncated branch of depth 2
|   |   |   |   |   |   |   |   |   |--- feature_1 >  393.00
|   |   |   |   |   |   |   |   |   |   |--- feature_8 <= 3.50
|   |   |   |   |   |   |   |   |   |   |   |--- truncated branch of depth 10
|   |   |   |   |   |   |   |   |   |   |--- feature_8 >  3.50
|   |   |   |   |   |   |   |   |   |   |   |--- truncated branch of depth 17
|   |   |   |   |   |   |   |   |--- feature_0 >  31.50
|   |   |   |   |   |   |   |   |   |--- feature_10 <= 3786.00
|   |   |   |   |   |   |   |   |   |   |--- class: 1
|   |   |   |   |   |   |   |   |   |--- feature_10 >  3786.00
|   |   |   |   |   |   |   |   |   |   |--- feature_10 <= 10616.00
|   |   |   |   |   |   |   |   |   |   |   |--- truncated branch of depth 6
|   |   |   |   |   |   |   |   |   |   |--- feature_10 >  10616.00
|   |   |   |   |   |   |   |   |   |   |   |--- truncated branch of depth 3
|   |   |   |   |   |   |   |--- feature_5 >  25.50
|   |   |   |   |   |   |   |   |--- feature_1 <= 119.50
|   |   |   |   |   |   |   |   |   |--- feature_8 <= 3.50
|   |   |   |   |   |   |   |   |   |   |--- feature_5 <= 61.50
|   |   |   |   |   |   |   |   |   |   |   |--- truncated branch of depth 5
|   |   |   |   |   |   |   |   |   |   |--- feature_5 >  61.50
|   |   |   |   |   |   |   |   |   |   |   |--- class: 1
|   |   |   |   |   |   |   |   |   |--- feature_8 >  3.50
|   |   |   |   |   |   |   |   |   |   |--- class: 0
|   |   |   |   |   |   |   |   |--- feature_1 >  119.50
|   |   |   |   |   |   |   |   |   |--- feature_1 <= 995.50
|   |   |   |   |   |   |   |   |   |   |--- feature_0 <= 0.50
|   |   |   |   |   |   |   |   |   |   |   |--- truncated branch of depth 6
|   |   |   |   |   |   |   |   |   |   |--- feature_0 >  0.50
|   |   |   |   |   |   |   |   |   |   |   |--- truncated branch of depth 18
|   |   |   |   |   |   |   |   |   |--- feature_1 >  995.50
|   |   |   |   |   |   |   |   |   |   |--- feature_7 <= 0.50
|   |   |   |   |   |   |   |   |   |   |   |--- truncated branch of depth 10
|   |   |   |   |   |   |   |   |   |   |--- feature_7 >  0.50
|   |   |   |   |   |   |   |   |   |   |   |--- truncated branch of depth 14
|   |   |   |   |   |--- feature_7 >  5.50
|   |   |   |   |   |   |--- feature_10 <= 13420.00
|   |   |   |   |   |   |   |--- feature_10 <= 9086.00
|   |   |   |   |   |   |   |   |--- feature_0 <= 12.50
|   |   |   |   |   |   |   |   |   |--- class: 1
|   |   |   |   |   |   |   |   |--- feature_0 >  12.50
|   |   |   |   |   |   |   |   |   |--- class: 0
|   |   |   |   |   |   |   |--- feature_10 >  9086.00
|   |   |   |   |   |   |   |   |--- class: 0
|   |   |   |   |   |   |--- feature_10 >  13420.00
|   |   |   |   |   |   |   |--- feature_0 <= 22.50
|   |   |   |   |   |   |   |   |--- feature_1 <= 66.50
|   |   |   |   |   |   |   |   |   |--- class: 0
|   |   |   |   |   |   |   |   |--- feature_1 >  66.50
|   |   |   |   |   |   |   |   |   |--- class: 1
|   |   |   |   |   |   |   |--- feature_0 >  22.50
|   |   |   |   |   |   |   |   |--- feature_4 <= 63.50
|   |   |   |   |   |   |   |   |   |--- class: 0
|   |   |   |   |   |   |   |   |--- feature_4 >  63.50
|   |   |   |   |   |   |   |   |   |--- class: 1
|   |   |   |--- feature_1 >  1707.50
|   |   |   |   |--- feature_1 <= 1802.50
|   |   |   |   |   |--- feature_5 <= 72.50
|   |   |   |   |   |   |--- feature_8 <= 15.00
|   |   |   |   |   |   |   |--- feature_5 <= 70.50
|   |   |   |   |   |   |   |   |--- feature_1 <= 1729.50
|   |   |   |   |   |   |   |   |   |--- feature_5 <= 49.50
|   |   |   |   |   |   |   |   |   |   |--- class: 1
|   |   |   |   |   |   |   |   |   |--- feature_5 >  49.50
|   |   |   |   |   |   |   |   |   |   |--- feature_4 <= 57.00
|   |   |   |   |   |   |   |   |   |   |   |--- class: 0
|   |   |   |   |   |   |   |   |   |   |--- feature_4 >  57.00
|   |   |   |   |   |   |   |   |   |   |   |--- class: 1
|   |   |   |   |   |   |   |   |--- feature_1 >  1729.50
|   |   |   |   |   |   |   |   |   |--- feature_10 <= 15407.00
|   |   |   |   |   |   |   |   |   |   |--- feature_7 <= 1.50
|   |   |   |   |   |   |   |   |   |   |   |--- truncated branch of depth 5
|   |   |   |   |   |   |   |   |   |   |--- feature_7 >  1.50
|   |   |   |   |   |   |   |   |   |   |   |--- class: 1
|   |   |   |   |   |   |   |   |   |--- feature_10 >  15407.00
|   |   |   |   |   |   |   |   |   |   |--- feature_8 <= 2.50
|   |   |   |   |   |   |   |   |   |   |   |--- class: 0
|   |   |   |   |   |   |   |   |   |   |--- feature_8 >  2.50
|   |   |   |   |   |   |   |   |   |   |   |--- truncated branch of depth 3
|   |   |   |   |   |   |   |--- feature_5 >  70.50
|   |   |   |   |   |   |   |   |--- class: 0
|   |   |   |   |   |   |--- feature_8 >  15.00
|   |   |   |   |   |   |   |--- class: 0
|   |   |   |   |   |--- feature_5 >  72.50
|   |   |   |   |   |   |--- class: 1
|   |   |   |   |--- feature_1 >  1802.50
|   |   |   |   |   |--- feature_0 <= 12.50
|   |   |   |   |   |   |--- feature_0 <= 10.50
|   |   |   |   |   |   |   |--- feature_1 <= 2181.50
|   |   |   |   |   |   |   |   |--- feature_5 <= 21.50
|   |   |   |   |   |   |   |   |   |--- class: 1
|   |   |   |   |   |   |   |   |--- feature_5 >  21.50
|   |   |   |   |   |   |   |   |   |--- feature_10 <= 29209.60
|   |   |   |   |   |   |   |   |   |   |--- feature_10 <= 9168.00
|   |   |   |   |   |   |   |   |   |   |   |--- truncated branch of depth 6
|   |   |   |   |   |   |   |   |   |   |--- feature_10 >  9168.00
|   |   |   |   |   |   |   |   |   |   |   |--- truncated branch of depth 9
|   |   |   |   |   |   |   |   |   |--- feature_10 >  29209.60
|   |   |   |   |   |   |   |   |   |   |--- class: 0
|   |   |   |   |   |   |   |--- feature_1 >  2181.50
|   |   |   |   |   |   |   |   |--- feature_10 <= 4134.00
|   |   |   |   |   |   |   |   |   |--- feature_1 <= 3733.50
|   |   |   |   |   |   |   |   |   |   |--- class: 1
|   |   |   |   |   |   |   |   |   |--- feature_1 >  3733.50
|   |   |   |   |   |   |   |   |   |   |--- class: 0
|   |   |   |   |   |   |   |   |--- feature_10 >  4134.00
|   |   |   |   |   |   |   |   |   |--- feature_1 <= 3129.50
|   |   |   |   |   |   |   |   |   |   |--- feature_1 <= 2976.50
|   |   |   |   |   |   |   |   |   |   |   |--- truncated branch of depth 22
|   |   |   |   |   |   |   |   |   |   |--- feature_1 >  2976.50
|   |   |   |   |   |   |   |   |   |   |   |--- truncated branch of depth 5
|   |   |   |   |   |   |   |   |   |--- feature_1 >  3129.50
|   |   |   |   |   |   |   |   |   |   |--- feature_8 <= 3.50
|   |   |   |   |   |   |   |   |   |   |   |--- truncated branch of depth 7
|   |   |   |   |   |   |   |   |   |   |--- feature_8 >  3.50
|   |   |   |   |   |   |   |   |   |   |   |--- truncated branch of depth 12
|   |   |   |   |   |   |--- feature_0 >  10.50
|   |   |   |   |   |   |   |--- feature_4 <= 20.50
|   |   |   |   |   |   |   |   |--- feature_10 <= 10936.00
|   |   |   |   |   |   |   |   |   |--- class: 1
|   |   |   |   |   |   |   |   |--- feature_10 >  10936.00
|   |   |   |   |   |   |   |   |   |--- class: 0
|   |   |   |   |   |   |   |--- feature_4 >  20.50
|   |   |   |   |   |   |   |   |--- feature_5 <= 36.50
|   |   |   |   |   |   |   |   |   |--- feature_1 <= 1837.00
|   |   |   |   |   |   |   |   |   |   |--- class: 1
|   |   |   |   |   |   |   |   |   |--- feature_1 >  1837.00
|   |   |   |   |   |   |   |   |   |   |--- feature_4 <= 35.50
|   |   |   |   |   |   |   |   |   |   |   |--- truncated branch of depth 13
|   |   |   |   |   |   |   |   |   |   |--- feature_4 >  35.50
|   |   |   |   |   |   |   |   |   |   |   |--- truncated branch of depth 3
|   |   |   |   |   |   |   |   |--- feature_5 >  36.50
|   |   |   |   |   |   |   |   |   |--- feature_5 <= 56.50
|   |   |   |   |   |   |   |   |   |   |--- feature_10 <= 20336.00
|   |   |   |   |   |   |   |   |   |   |   |--- truncated branch of depth 12
|   |   |   |   |   |   |   |   |   |   |--- feature_10 >  20336.00
|   |   |   |   |   |   |   |   |   |   |   |--- truncated branch of depth 7
|   |   |   |   |   |   |   |   |   |--- feature_5 >  56.50
|   |   |   |   |   |   |   |   |   |   |--- feature_5 <= 60.50
|   |   |   |   |   |   |   |   |   |   |   |--- truncated branch of depth 3
|   |   |   |   |   |   |   |   |   |   |--- feature_5 >  60.50
|   |   |   |   |   |   |   |   |   |   |   |--- truncated branch of depth 13
|   |   |   |   |   |--- feature_0 >  12.50
|   |   |   |   |   |   |--- feature_0 <= 29.00
|   |   |   |   |   |   |   |--- feature_5 <= 37.50
|   |   |   |   |   |   |   |   |--- feature_8 <= 3.50
|   |   |   |   |   |   |   |   |   |--- feature_10 <= 6240.00
|   |   |   |   |   |   |   |   |   |   |--- class: 0
|   |   |   |   |   |   |   |   |   |--- feature_10 >  6240.00
|   |   |   |   |   |   |   |   |   |   |--- feature_1 <= 1918.00
|   |   |   |   |   |   |   |   |   |   |   |--- class: 0
|   |   |   |   |   |   |   |   |   |   |--- feature_1 >  1918.00
|   |   |   |   |   |   |   |   |   |   |   |--- truncated branch of depth 6
|   |   |   |   |   |   |   |   |--- feature_8 >  3.50
|   |   |   |   |   |   |   |   |   |--- feature_4 <= 20.50
|   |   |   |   |   |   |   |   |   |   |--- feature_1 <= 2294.00
|   |   |   |   |   |   |   |   |   |   |   |--- class: 0
|   |   |   |   |   |   |   |   |   |   |--- feature_1 >  2294.00
|   |   |   |   |   |   |   |   |   |   |   |--- class: 1
|   |   |   |   |   |   |   |   |   |--- feature_4 >  20.50
|   |   |   |   |   |   |   |   |   |   |--- feature_1 <= 1904.50
|   |   |   |   |   |   |   |   |   |   |   |--- truncated branch of depth 4
|   |   |   |   |   |   |   |   |   |   |--- feature_1 >  1904.50
|   |   |   |   |   |   |   |   |   |   |   |--- truncated branch of depth 10
|   |   |   |   |   |   |   |--- feature_5 >  37.50
|   |   |   |   |   |   |   |   |--- feature_4 <= 45.50
|   |   |   |   |   |   |   |   |   |--- feature_7 <= 0.50
|   |   |   |   |   |   |   |   |   |   |--- feature_4 <= 39.00
|   |   |   |   |   |   |   |   |   |   |   |--- class: 0
|   |   |   |   |   |   |   |   |   |   |--- feature_4 >  39.00
|   |   |   |   |   |   |   |   |   |   |   |--- truncated branch of depth 3
|   |   |   |   |   |   |   |   |   |--- feature_7 >  0.50
|   |   |   |   |   |   |   |   |   |   |--- feature_8 <= 1.50
|   |   |   |   |   |   |   |   |   |   |   |--- truncated branch of depth 2
|   |   |   |   |   |   |   |   |   |   |--- feature_8 >  1.50
|   |   |   |   |   |   |   |   |   |   |   |--- truncated branch of depth 3
|   |   |   |   |   |   |   |   |--- feature_4 >  45.50
|   |   |   |   |   |   |   |   |   |--- feature_8 <= 11.00
|   |   |   |   |   |   |   |   |   |   |--- feature_7 <= 2.50
|   |   |   |   |   |   |   |   |   |   |   |--- truncated branch of depth 7
|   |   |   |   |   |   |   |   |   |   |--- feature_7 >  2.50
|   |   |   |   |   |   |   |   |   |   |   |--- truncated branch of depth 4
|   |   |   |   |   |   |   |   |   |--- feature_8 >  11.00
|   |   |   |   |   |   |   |   |   |   |--- feature_5 <= 69.50
|   |   |   |   |   |   |   |   |   |   |   |--- truncated branch of depth 5
|   |   |   |   |   |   |   |   |   |   |--- feature_5 >  69.50
|   |   |   |   |   |   |   |   |   |   |   |--- class: 0
|   |   |   |   |   |   |--- feature_0 >  29.00
|   |   |   |   |   |   |   |--- feature_1 <= 2634.50
|   |   |   |   |   |   |   |   |--- feature_0 <= 34.50
|   |   |   |   |   |   |   |   |   |--- feature_1 <= 1907.50
|   |   |   |   |   |   |   |   |   |   |--- feature_4 <= 40.00
|   |   |   |   |   |   |   |   |   |   |   |--- class: 0
|   |   |   |   |   |   |   |   |   |   |--- feature_4 >  40.00
|   |   |   |   |   |   |   |   |   |   |   |--- truncated branch of depth 3
|   |   |   |   |   |   |   |   |   |--- feature_1 >  1907.50
|   |   |   |   |   |   |   |   |   |   |--- feature_10 <= 26700.80
|   |   |   |   |   |   |   |   |   |   |   |--- truncated branch of depth 12
|   |   |   |   |   |   |   |   |   |   |--- feature_10 >  26700.80
|   |   |   |   |   |   |   |   |   |   |   |--- truncated branch of depth 2
|   |   |   |   |   |   |   |   |--- feature_0 >  34.50
|   |   |   |   |   |   |   |   |   |--- feature_1 <= 2413.00
|   |   |   |   |   |   |   |   |   |   |--- feature_10 <= 17934.00
|   |   |   |   |   |   |   |   |   |   |   |--- truncated branch of depth 7
|   |   |   |   |   |   |   |   |   |   |--- feature_10 >  17934.00
|   |   |   |   |   |   |   |   |   |   |   |--- truncated branch of depth 3
|   |   |   |   |   |   |   |   |   |--- feature_1 >  2413.00
|   |   |   |   |   |   |   |   |   |   |--- class: 1
|   |   |   |   |   |   |   |--- feature_1 >  2634.50
|   |   |   |   |   |   |   |   |--- feature_10 <= 5552.00
|   |   |   |   |   |   |   |   |   |--- feature_10 <= 4089.00
|   |   |   |   |   |   |   |   |   |   |--- feature_7 <= 1.00
|   |   |   |   |   |   |   |   |   |   |   |--- class: 1
|   |   |   |   |   |   |   |   |   |   |--- feature_7 >  1.00
|   |   |   |   |   |   |   |   |   |   |   |--- class: 0
|   |   |   |   |   |   |   |   |   |--- feature_10 >  4089.00
|   |   |   |   |   |   |   |   |   |   |--- class: 0
|   |   |   |   |   |   |   |   |--- feature_10 >  5552.00
|   |   |   |   |   |   |   |   |   |--- feature_1 <= 2682.50
|   |   |   |   |   |   |   |   |   |   |--- class: 1
|   |   |   |   |   |   |   |   |   |--- feature_1 >  2682.50
|   |   |   |   |   |   |   |   |   |   |--- feature_10 <= 8540.00
|   |   |   |   |   |   |   |   |   |   |   |--- truncated branch of depth 7
|   |   |   |   |   |   |   |   |   |   |--- feature_10 >  8540.00
|   |   |   |   |   |   |   |   |   |   |   |--- truncated branch of depth 13
|   |   |--- feature_1 >  4670.50
|   |   |   |--- feature_4 <= 71.00
|   |   |   |   |--- feature_7 <= 3.50
|   |   |   |   |   |--- feature_1 <= 4887.50
|   |   |   |   |   |   |--- feature_1 <= 4767.50
|   |   |   |   |   |   |   |--- feature_1 <= 4737.50
|   |   |   |   |   |   |   |   |--- class: 1
|   |   |   |   |   |   |   |--- feature_1 >  4737.50
|   |   |   |   |   |   |   |   |--- class: 0
|   |   |   |   |   |   |--- feature_1 >  4767.50
|   |   |   |   |   |   |   |--- class: 1
|   |   |   |   |   |--- feature_1 >  4887.50
|   |   |   |   |   |   |--- feature_2 <= 0.50
|   |   |   |   |   |   |   |--- feature_1 <= 5239.00
|   |   |   |   |   |   |   |   |--- feature_1 <= 4920.00
|   |   |   |   |   |   |   |   |   |--- class: 0
|   |   |   |   |   |   |   |   |--- feature_1 >  4920.00
|   |   |   |   |   |   |   |   |   |--- feature_5 <= 51.50
|   |   |   |   |   |   |   |   |   |   |--- class: 1
|   |   |   |   |   |   |   |   |   |--- feature_5 >  51.50
|   |   |   |   |   |   |   |   |   |   |--- feature_5 <= 56.00
|   |   |   |   |   |   |   |   |   |   |   |--- class: 0
|   |   |   |   |   |   |   |   |   |   |--- feature_5 >  56.00
|   |   |   |   |   |   |   |   |   |   |   |--- class: 1
|   |   |   |   |   |   |   |--- feature_1 >  5239.00
|   |   |   |   |   |   |   |   |--- feature_8 <= 4.00
|   |   |   |   |   |   |   |   |   |--- class: 1
|   |   |   |   |   |   |   |   |--- feature_8 >  4.00
|   |   |   |   |   |   |   |   |   |--- class: 0
|   |   |   |   |   |   |--- feature_2 >  0.50
|   |   |   |   |   |   |   |--- feature_8 <= 11.00
|   |   |   |   |   |   |   |   |--- feature_8 <= 2.00
|   |   |   |   |   |   |   |   |   |--- class: 1
|   |   |   |   |   |   |   |   |--- feature_8 >  2.00
|   |   |   |   |   |   |   |   |   |--- feature_10 <= 4729.00
|   |   |   |   |   |   |   |   |   |   |--- class: 1
|   |   |   |   |   |   |   |   |   |--- feature_10 >  4729.00
|   |   |   |   |   |   |   |   |   |   |--- class: 0
|   |   |   |   |   |   |   |--- feature_8 >  11.00
|   |   |   |   |   |   |   |   |--- class: 1
|   |   |   |   |--- feature_7 >  3.50
|   |   |   |   |   |--- feature_7 <= 5.50
|   |   |   |   |   |   |--- class: 0
|   |   |   |   |   |--- feature_7 >  5.50
|   |   |   |   |   |   |--- class: 1
|   |   |   |--- feature_4 >  71.00
|   |   |   |   |--- feature_1 <= 5309.00
|   |   |   |   |   |--- class: 0
|   |   |   |   |--- feature_1 >  5309.00
|   |   |   |   |   |--- class: 1
